Time;Free Memory;CPU Usage;Drive Space;Number of Data Files;Temperatur 1;Temperatur 2;Temperatur 3;Logging Status
2023.03.22 00:00:00;4349952.000000;56.977005;33.380992;2449;50.187500;42.250000;43.875000;3
2023.03.22 00:02:00;5951488.000000;47.163678;33.374829;2449;50.062500;42.250000;43.875000;3
2023.03.22 00:04:01;6221824.000000;57.036755;37.289643;2305;50.125000;42.250000;44.000000;3
2023.03.22 00:06:00;4505600.000000;51.987810;37.284302;2305;50.125000;42.250000;43.937500;3
2023.03.22 00:08:00;4063232.000000;66.815437;37.279064;2305;50.062500;42.250000;44.000000;3
2023.03.22 00:10:01;4792320.000000;54.772601;37.273723;2306;50.062500;42.250000;44.000000;3
2023.03.22 00:12:01;5619712.000000;62.863815;37.267765;2306;50.125000;42.312500;44.000000;3
2023.03.22 00:14:00;3706880.000000;54.791628;37.262424;2306;50.187500;42.312500;43.937500;3
2023.03.22 00:16:00;4214784.000000;43.954653;37.257083;2306;50.187500;42.312500;43.937500;3
2023.03.22 00:18:01;3817472.000000;69.651136;37.251845;2306;50.250000;42.312500;43.937500;3
2023.03.22 00:20:00;4333568.000000;46.535716;37.246504;2306;50.125000;42.312500;44.000000;3
2023.03.22 00:22:01;6889472.000000;47.051646;37.240546;2307;50.250000;42.312500;43.937500;3
2023.03.22 00:24:00;4857856.000000;41.436271;37.235205;2307;50.250000;42.312500;43.937500;3
2023.03.22 00:26:01;4231168.000000;37.287809;37.229864;2307;50.187500;42.312500;44.000000;3
2023.03.22 00:28:01;4554752.000000;48.255716;37.224626;2307;50.250000;42.312500;44.000000;3
2023.03.22 00:30:00;4706304.000000;51.722443;37.219285;2308;50.250000;42.312500;44.000000;3
2023.03.22 00:32:01;5627904.000000;56.894459;37.213327;2308;50.250000;42.312500;43.937500;3
2023.03.22 00:34:00;4689920.000000;60.964693;37.207986;2308;50.125000;42.312500;43.937500;3
2023.03.22 00:36:00;4096000.000000;41.446579;37.202645;2308;50.125000;42.312500;44.062500;3
2023.03.22 00:38:00;4055040.000000;68.737910;37.197407;2308;50.250000;42.312500;43.937500;3
2023.03.22 00:40:01;4349952.000000;66.059518;37.192066;2309;50.125000;42.312500;43.937500;3
2023.03.22 00:42:00;6238208.000000;51.164397;37.186108;2309;50.250000;42.312500;43.937500;3
2023.03.22 00:44:00;4698112.000000;47.112034;37.180767;2309;50.187500;42.312500;44.000000;3
2023.03.22 00:46:00;5492736.000000;47.476530;37.175426;2309;50.250000;42.312500;44.000000;3
2023.03.22 00:48:01;4849664.000000;67.392374;37.170188;2309;50.312500;42.312500;44.000000;3
2023.03.22 00:50:00;5873664.000000;48.211683;37.164847;2309;50.000000;42.312500;44.000000;3
2023.03.22 00:52:00;5595136.000000;51.777231;37.158889;2310;50.187500;42.312500;44.062500;3
2023.03.22 00:54:00;3809280.000000;48.934781;37.153548;2310;50.187500;42.375000;44.000000;3
2023.03.22 00:56:00;4808704.000000;35.714164;37.148207;2310;50.250000;42.375000;43.937500;3
2023.03.22 00:58:01;4173824.000000;46.130192;37.142969;2310;50.187500;42.375000;44.000000;3
2023.03.22 01:00:00;5120000.000000;60.099180;37.137628;2310;50.187500;42.375000;44.000000;3
2023.03.22 01:02:00;6135808.000000;38.750566;37.131670;2311;50.250000;42.375000;44.062500;3
2023.03.22 01:04:01;4476928.000000;76.994887;37.126329;2311;50.375000;42.375000;44.062500;3
2023.03.22 01:06:00;3858432.000000;34.291401;37.120988;2311;50.312500;42.437500;44.062500;3
2023.03.22 01:08:01;4358144.000000;52.129346;37.115750;2311;50.375000;42.437500;44.000000;3
2023.03.22 01:10:00;5697536.000000;44.279843;37.110409;2311;50.250000;42.437500;44.125000;3
2023.03.22 01:12:00;6230016.000000;41.360895;37.104451;2312;50.375000;42.500000;44.187500;3
2023.03.22 01:14:01;4485120.000000;49.068338;37.099110;2312;50.500000;42.500000;44.125000;3
2023.03.22 01:16:00;4087808.000000;54.372593;37.093769;2312;50.312500;42.500000;44.250000;3
2023.03.22 01:18:01;4833280.000000;61.369541;37.088531;2312;50.312500;42.562500;44.187500;3
2023.03.22 01:20:00;4485120.000000;57.946830;37.083190;2313;50.500000;42.562500;44.187500;3
2023.03.22 01:22:00;5849088.000000;56.350834;37.077232;2313;50.562500;42.562500;44.250000;3
2023.03.22 01:24:00;3936256.000000;42.324139;37.071891;2313;50.375000;42.562500;44.187500;3
2023.03.22 01:26:00;4722688.000000;49.564319;37.066550;2313;50.437500;42.625000;44.250000;3
2023.03.22 01:28:01;4055040.000000;53.338254;37.061312;2313;50.562500;42.625000;44.375000;3
2023.03.22 01:30:00;3936256.000000;54.093377;37.055971;2314;50.375000;42.625000;44.187500;3
2023.03.22 01:32:00;6254592.000000;70.095602;37.050013;2314;50.625000;42.625000;44.312500;3
2023.03.22 01:34:00;4308992.000000;50.088527;37.044672;2314;50.375000;42.625000;44.312500;3
2023.03.22 01:36:01;4976640.000000;51.712679;37.039331;2314;50.625000;42.625000;44.312500;3
2023.03.22 01:38:01;4587520.000000;46.964034;37.034093;2314;50.562500;42.625000;44.375000;3
2023.03.22 01:40:00;4087808.000000;49.773316;37.028751;2315;50.500000;42.625000;44.312500;3
2023.03.22 01:42:00;6119424.000000;52.036401;37.022794;2315;50.562500;42.625000;44.375000;3
2023.03.22 01:44:00;4476928.000000;72.323661;37.017453;2315;50.500000;42.562500;44.250000;3
2023.03.22 01:46:00;5181440.000000;45.044694;37.012112;2315;50.375000;42.562500;44.250000;3
2023.03.22 01:48:00;4603904.000000;37.625951;37.006874;2315;50.312500;42.500000;44.187500;3
2023.03.22 01:50:01;5492736.000000;58.857791;37.001532;2316;50.375000;42.500000;44.125000;3
2023.03.22 01:52:00;6053888.000000;43.140854;36.995575;2316;50.500000;42.437500;44.187500;3
2023.03.22 01:54:00;4452352.000000;55.974920;36.990234;2316;50.125000;42.437500;44.062500;3
2023.03.22 01:56:01;4026368.000000;51.048783;36.984893;2316;50.250000;42.375000;43.937500;3
2023.03.22 01:58:01;4300800.000000;61.405913;36.979655;2316;50.125000;42.312500;43.937500;3
2023.03.22 02:00:00;5484544.000000;59.382050;36.974313;2317;50.187500;42.312500;43.875000;3
2023.03.22 02:02:00;5984256.000000;44.285474;36.968356;2317;50.187500;42.250000;43.812500;3
2023.03.22 02:04:00;4276224.000000;44.392240;36.963015;2317;50.000000;42.250000;43.937500;3
2023.03.22 02:06:01;4595712.000000;71.530621;36.957674;2317;50.125000;42.187500;43.875000;3
2023.03.22 02:08:01;5611520.000000;67.943050;36.952436;2317;50.062500;42.125000;43.750000;3
2023.03.22 02:10:00;3928064.000000;55.256201;36.947094;2318;49.937500;42.125000;43.687500;3
2023.03.22 02:12:01;6111232.000000;50.973529;36.941137;2318;50.062500;42.125000;43.750000;3
2023.03.22 02:14:00;4554752.000000;75.051990;36.935796;2318;50.000000;42.062500;43.687500;3
2023.03.22 02:16:00;4079616.000000;51.812488;36.930455;2318;49.875000;42.062500;43.687500;3
2023.03.22 02:18:01;4612096.000000;50.658204;36.925217;2318;49.937500;42.000000;43.687500;3
2023.03.22 02:20:00;4190208.000000;56.800555;36.919875;2319;49.875000;42.000000;43.562500;3
2023.03.22 02:22:00;6500352.000000;50.765151;36.913918;2319;49.812500;42.000000;43.562500;3
2023.03.22 02:24:00;4698112.000000;32.129260;36.908577;2319;49.812500;42.000000;43.562500;3
2023.03.22 02:26:01;4341760.000000;63.095660;36.903236;2319;49.812500;42.000000;43.625000;3
2023.03.22 02:28:01;4730880.000000;49.717937;36.897998;2319;49.750000;41.937500;43.625000;3
2023.03.22 02:30:00;4857856.000000;52.224734;36.892656;2320;50.000000;42.000000;43.625000;3
2023.03.22 02:32:01;5492736.000000;63.576951;36.886699;2320;49.875000;42.000000;43.750000;3
2023.03.22 02:34:01;4706304.000000;44.870252;36.881358;2320;49.875000;42.000000;43.625000;3
2023.03.22 02:36:01;4214784.000000;62.685737;36.876017;2320;49.937500;42.000000;43.687500;3
2023.03.22 02:38:01;3833856.000000;38.961011;36.870778;2320;49.875000;42.000000;43.687500;3
2023.03.22 02:40:01;5713920.000000;60.663102;36.865437;2321;49.750000;42.000000;43.625000;3
2023.03.22 02:42:00;6643712.000000;51.512388;36.859480;2321;49.812500;42.000000;43.625000;3
2023.03.22 02:44:00;5087232.000000;54.038849;36.854139;2321;49.812500;41.937500;43.625000;3
2023.03.22 02:46:00;4427776.000000;76.139169;36.848798;2321;50.000000;41.937500;43.687500;3
2023.03.22 02:48:00;4096000.000000;57.885991;36.843559;2321;49.812500;41.937500;43.687500;3
2023.03.22 02:50:00;5832704.000000;58.597234;36.838218;2322;49.812500;41.937500;43.625000;3
2023.03.22 02:52:00;5492736.000000;40.476140;36.832261;2322;49.812500;41.937500;43.562500;3
2023.03.22 02:54:00;3723264.000000;55.862117;36.826920;2322;49.812500;41.937500;43.750000;3
2023.03.22 02:56:00;5619712.000000;36.739313;36.821579;2322;49.750000;41.937500;43.562500;3
2023.03.22 02:58:01;3842048.000000;54.260168;36.816340;2322;49.812500;41.875000;43.500000;3
2023.03.22 03:00:01;4825088.000000;63.098585;36.810999;2323;49.812500;41.875000;43.562500;3
2023.03.22 03:02:01;5754880.000000;45.225757;36.805042;2323;49.750000;41.875000;43.562500;3
2023.03.22 03:04:01;3706880.000000;51.390250;36.799701;2323;49.812500;41.875000;43.437500;3
2023.03.22 03:06:00;5672960.000000;58.206363;36.794360;2323;49.687500;41.875000;43.562500;3
2023.03.22 03:08:00;4333568.000000;42.937747;36.789121;2323;49.625000;41.812500;43.562500;3
2023.03.22 03:10:00;4620288.000000;45.038320;36.783780;2323;49.562500;41.812500;43.437500;3
2023.03.22 03:12:00;4952064.000000;52.893713;36.777823;2324;49.687500;41.812500;43.562500;3
2023.03.22 03:14:00;4476928.000000;40.513573;36.772482;2324;49.625000;41.812500;43.437500;3
2023.03.22 03:16:01;4845568.000000;67.106608;36.767141;2324;49.812500;41.875000;43.437500;3
2023.03.22 03:18:01;4603904.000000;66.291702;36.761902;2324;49.750000;41.875000;43.500000;3
2023.03.22 03:20:00;4284416.000000;55.388863;36.756561;2325;49.750000;41.875000;43.437500;3
2023.03.22 03:22:00;5062656.000000;58.753604;36.750604;2325;49.812500;41.875000;43.500000;3
2023.03.22 03:24:00;4411392.000000;45.135914;36.745263;2325;49.625000;41.875000;43.562500;3
2023.03.22 03:26:00;3936256.000000;55.933910;36.739922;2325;49.750000;41.875000;43.562500;3
2023.03.22 03:28:01;4407296.000000;50.986724;36.734683;2325;49.875000;41.937500;43.562500;3
2023.03.22 03:30:00;4739072.000000;56.990321;36.729342;2326;49.875000;41.937500;43.562500;3
2023.03.22 03:32:01;6221824.000000;57.071750;36.723385;2326;49.875000;42.000000;43.687500;3
2023.03.22 03:34:01;4603904.000000;56.386813;36.718044;2326;49.750000;42.000000;43.625000;3
2023.03.22 03:36:01;5324800.000000;57.292676;36.712703;2326;50.000000;42.000000;43.750000;3
2023.03.22 03:38:01;5738496.000000;60.638139;36.707464;2326;50.000000;42.062500;43.687500;3
2023.03.22 03:40:00;4349952.000000;57.159508;36.702123;2327;50.062500;42.062500;43.812500;3
2023.03.22 03:42:00;5754880.000000;67.750433;36.696166;2327;50.062500;42.125000;43.812500;3
2023.03.22 03:44:00;3977216.000000;69.702686;36.690825;2327;50.062500;42.125000;43.812500;3
2023.03.22 03:46:00;5451776.000000;62.096993;36.685484;2327;50.125000;42.187500;43.875000;3
2023.03.22 03:48:00;4214784.000000;73.127873;36.680245;2327;50.187500;42.187500;43.812500;3
2023.03.22 03:50:00;3842048.000000;59.598094;36.674904;2328;50.062500;42.250000;43.937500;3
2023.03.22 03:52:01;6483968.000000;65.475657;36.668947;2328;50.125000;42.312500;43.937500;3
2023.03.22 03:54:01;4866048.000000;41.020465;36.663606;2328;50.125000;42.312500;44.000000;3
2023.03.22 03:56:00;5562368.000000;42.378759;36.658265;2328;50.125000;42.312500;43.937500;3
2023.03.22 03:58:00;3842048.000000;42.080063;36.653026;2328;50.187500;42.312500;43.937500;3
2023.03.22 04:00:01;4603904.000000;72.914027;36.647685;2329;50.312500;42.375000;44.062500;3
2023.03.22 04:02:00;5341184.000000;43.521738;36.641728;2329;50.312500;42.375000;44.062500;3
2023.03.22 04:04:00;3850240.000000;52.803495;36.636387;2329;50.437500;42.437500;44.125000;3
2023.03.22 04:06:00;4485120.000000;64.266241;36.631046;2329;50.312500;42.437500;44.125000;3
2023.03.22 04:08:01;5238784.000000;57.183600;36.625807;2329;50.312500;42.500000;44.187500;3
2023.03.22 04:10:00;4730880.000000;55.321798;36.620466;2329;50.312500;42.500000;44.187500;3
2023.03.22 04:12:00;6897664.000000;67.875090;36.614509;2330;50.562500;42.562500;44.250000;3
2023.03.22 04:14:00;5238784.000000;55.239827;36.609168;2330;50.500000;42.562500;44.125000;3
2023.03.22 04:16:00;5705728.000000;47.855428;36.603827;2330;50.562500;42.625000;44.312500;3
2023.03.22 04:18:01;4349952.000000;47.135921;36.598588;2330;50.625000;42.625000;44.312500;3
2023.03.22 04:20:00;3936256.000000;50.978456;36.593247;2331;50.562500;42.687500;44.312500;3
2023.03.22 04:22:01;5746688.000000;63.537125;36.587290;2331;50.625000;42.687500;44.375000;3
2023.03.22 04:24:01;3833856.000000;45.649898;36.581538;2331;50.625000;42.750000;44.375000;3
2023.03.22 04:26:01;4730880.000000;58.253028;36.576608;2331;50.750000;42.750000;44.437500;3
2023.03.22 04:28:01;4317184.000000;61.908327;36.571369;2331;50.750000;42.750000;44.375000;3
2023.03.22 04:30:01;4984832.000000;54.513278;36.566028;2332;50.687500;42.812500;44.437500;3
2023.03.22 04:32:00;5865472.000000;39.712386;36.560071;2332;50.750000;42.812500;44.437500;3
2023.03.22 04:34:01;4063232.000000;48.320270;36.554730;2332;50.750000;42.812500;44.500000;3
2023.03.22 04:36:00;4730880.000000;41.695146;36.549389;2332;50.625000;42.812500;44.437500;3
2023.03.22 04:38:00;4198400.000000;68.818740;36.544150;2332;50.687500;42.812500;44.437500;3
2023.03.22 04:40:00;5058560.000000;42.529538;36.538809;2332;50.625000;42.812500;44.500000;3
2023.03.22 04:42:00;5562368.000000;37.751618;36.532852;2333;50.500000;42.812500;44.437500;3
2023.03.22 04:44:00;4030464.000000;56.223693;36.527511;2333;50.687500;42.750000;44.375000;3
2023.03.22 04:46:00;4730880.000000;40.128935;36.522170;2333;50.812500;42.750000;44.500000;3
2023.03.22 04:48:00;4104192.000000;50.608846;36.516931;2333;50.625000;42.750000;44.375000;3
2023.03.22 04:50:00;4063232.000000;56.735935;36.511590;2334;50.687500;42.750000;44.312500;3
2023.03.22 04:52:01;4952064.000000;51.149948;36.505222;2334;50.625000;42.750000;44.375000;3
2023.03.22 04:54:00;4452352.000000;63.110389;36.500292;2334;50.687500;42.750000;44.437500;3
2023.03.22 04:56:01;4222976.000000;49.899454;36.494951;2334;50.625000;42.750000;44.437500;3
2023.03.22 04:58:01;3809280.000000;46.360641;36.489712;2334;50.687500;42.750000;44.437500;3
2023.03.22 05:00:01;4485120.000000;57.769678;36.484371;2335;50.687500;42.750000;44.500000;3
2023.03.22 05:02:00;6389760.000000;63.210808;36.478414;2335;50.750000;42.750000;44.562500;3
2023.03.22 05:04:00;4739072.000000;74.873360;36.473073;2335;50.750000;42.812500;44.437500;3
2023.03.22 05:06:00;4198400.000000;74.175260;36.467732;2335;50.687500;42.750000;44.437500;3
2023.03.22 05:08:01;4603904.000000;51.414262;36.462493;2335;50.750000;42.812500;44.437500;3
2023.03.22 05:10:00;4341760.000000;53.994881;36.457152;2335;50.687500;42.812500;44.375000;3
2023.03.22 05:12:00;6643712.000000;63.402625;36.451195;2336;50.750000;42.812500;44.375000;3
2023.03.22 05:14:00;4739072.000000;51.582916;36.445854;2336;50.500000;42.812500;44.500000;3
2023.03.22 05:16:00;5500928.000000;48.975541;36.440513;2336;50.750000;42.812500;44.437500;3
2023.03.22 05:18:01;3969024.000000;70.699913;36.435274;2336;50.750000;42.750000;44.437500;3
2023.03.22 05:20:00;4476928.000000;43.756863;36.429933;2336;50.562500;42.750000;44.500000;3
2023.03.22 05:22:01;6008832.000000;44.490077;36.423976;2337;50.625000;42.750000;44.437500;3
2023.03.22 05:24:01;4325376.000000;65.019134;36.418635;2337;50.625000;42.750000;44.375000;3
2023.03.22 05:26:00;4698112.000000;50.876544;36.413294;2337;50.500000;42.750000;44.312500;3
2023.03.22 05:28:01;3928064.000000;56.606897;36.408055;2337;50.625000;42.750000;44.375000;3
2023.03.22 05:30:01;4554752.000000;62.377065;36.402714;2338;50.625000;42.687500;44.375000;3
2023.03.22 05:32:00;5754880.000000;41.148792;36.396757;2338;50.625000;42.687500;44.437500;3
2023.03.22 05:34:00;4485120.000000;71.759643;36.391416;2338;50.625000;42.687500;44.437500;3
2023.03.22 05:36:00;4952064.000000;45.419441;36.386075;2338;50.625000;42.687500;44.312500;3
2023.03.22 05:38:01;4222976.000000;58.222988;36.380836;2338;50.562500;42.687500;44.375000;3
2023.03.22 05:40:01;3842048.000000;59.198085;36.375495;2339;50.625000;42.625000;44.312500;3
2023.03.22 05:42:00;6246400.000000;52.562105;36.369538;2339;50.625000;42.625000;44.375000;3
2023.03.22 05:44:01;4722688.000000;62.169605;36.364197;2339;50.500000;42.625000;44.312500;3
2023.03.22 05:46:01;4063232.000000;61.539564;36.358856;2339;50.500000;42.625000;44.250000;3
2023.03.22 05:48:00;4833280.000000;50.506287;36.353617;2339;50.312500;42.562500;44.250000;3
2023.03.22 05:50:00;4358144.000000;61.035305;36.348276;2340;50.500000;42.562500;44.250000;3
2023.03.22 05:52:01;6381568.000000;64.590942;36.342319;2340;50.500000;42.562500;44.187500;3
2023.03.22 05:54:01;4730880.000000;61.872981;36.336978;2340;50.312500;42.562500;44.187500;3
2023.03.22 05:56:00;5492736.000000;43.325809;36.331637;2340;50.250000;42.500000;44.125000;3
2023.03.22 05:58:00;3969024.000000;37.609109;36.326398;2340;50.250000;42.500000;44.187500;3
2023.03.22 06:00:00;4603904.000000;60.577411;36.321057;2340;50.312500;42.500000;44.125000;3
2023.03.22 06:02:00;5976064.000000;50.550009;36.315100;2341;50.250000;42.437500;44.062500;3
2023.03.22 06:04:00;4096000.000000;43.269609;36.309759;2341;50.375000;42.437500;44.187500;3
2023.03.22 06:06:00;4857856.000000;54.676694;36.304417;2341;50.125000;42.375000;44.062500;3
2023.03.22 06:08:00;5181440.000000;42.482667;36.299179;2341;50.125000;42.375000;43.937500;3
2023.03.22 06:10:00;3842048.000000;65.322658;36.293838;2342;50.187500;42.312500;43.937500;3
2023.03.22 06:12:00;6000640.000000;57.521265;36.287881;2342;50.250000;42.312500;43.937500;3
2023.03.22 06:14:00;4038656.000000;46.729546;36.282540;2342;50.000000;42.250000;44.000000;3
2023.03.22 06:16:01;4857856.000000;43.078389;36.277198;2342;50.062500;42.250000;43.937500;3
2023.03.22 06:18:00;5365760.000000;43.128186;36.271960;2342;50.062500;42.187500;43.812500;3
2023.03.22 06:20:00;4730880.000000;55.541365;36.266619;2343;50.062500;42.187500;43.875000;3
2023.03.22 06:22:00;5746688.000000;37.723821;36.260662;2343;49.937500;42.125000;43.812500;3
2023.03.22 06:24:00;3842048.000000;35.936720;36.255321;2343;49.875000;42.062500;43.687500;3
2023.03.22 06:26:00;4689920.000000;51.050984;36.249979;2343;49.812500;42.062500;43.687500;3
2023.03.22 06:28:01;4214784.000000;49.841235;36.244741;2343;49.812500;42.000000;43.500000;3
2023.03.22 06:30:00;3833856.000000;40.946988;36.239400;2343;49.750000;41.937500;43.625000;3
2023.03.22 06:32:00;5738496.000000;48.837019;36.233443;2344;49.812500;41.937500;43.625000;3
2023.03.22 06:34:01;4476928.000000;63.727761;36.228102;2344;49.812500;41.875000;43.625000;3
2023.03.22 06:36:00;3850240.000000;56.242549;36.222760;2344;49.500000;41.875000;43.500000;3
2023.03.22 06:38:00;4476928.000000;48.405269;36.217522;2344;49.625000;41.812500;43.437500;3
2023.03.22 06:40:00;4087808.000000;37.585153;36.212181;2344;49.562500;41.750000;43.375000;3
2023.03.22 06:42:00;5992448.000000;39.862301;36.206224;2345;49.437500;41.750000;43.312500;3
2023.03.22 06:44:01;4730880.000000;59.636577;36.200883;2345;49.562500;41.687500;43.312500;3
2023.03.22 06:46:01;5246976.000000;50.567123;36.195541;2345;49.437500;41.625000;43.187500;3
2023.03.22 06:48:00;5881856.000000;53.051663;36.190303;2345;49.312500;41.625000;43.187500;3
2023.03.22 06:50:00;4325376.000000;63.132428;36.184962;2346;49.375000;41.562500;43.250000;3
2023.03.22 06:52:01;6254592.000000;56.284062;36.179005;2346;49.500000;41.500000;43.062500;3
2023.03.22 06:54:00;4571136.000000;64.328314;36.173663;2346;49.437500;41.500000;43.125000;3
2023.03.22 06:56:00;3977216.000000;34.807642;36.168322;2346;49.250000;41.437500;43.187500;3
2023.03.22 06:58:00;5771264.000000;53.967066;36.163084;2346;49.187500;41.437500;43.000000;3
2023.03.22 07:00:01;4182016.000000;50.602115;36.157743;2347;49.250000;41.375000;42.937500;3
2023.03.22 07:02:01;6230016.000000;67.283929;36.151786;2347;49.125000;41.312500;42.937500;3
2023.03.22 07:04:01;4292608.000000;74.752911;36.146444;2347;49.187500;41.312500;43.000000;3
2023.03.22 07:06:00;4952064.000000;51.187874;36.141103;2347;49.312500;41.312500;42.937500;3
2023.03.22 07:08:01;4612096.000000;67.022214;36.135865;2347;49.250000;41.312500;42.937500;3
2023.03.22 07:10:00;4206592.000000;37.373227;36.130524;2347;49.125000;41.312500;42.937500;3
2023.03.22 07:12:01;6008832.000000;53.590120;36.124567;2348;49.125000;41.312500;43.000000;3
2023.03.22 07:14:01;4349952.000000;62.604353;36.119225;2348;49.312500;41.312500;42.937500;3
2023.03.22 07:16:00;3842048.000000;52.564909;36.113884;2348;49.187500;41.375000;43.000000;3
2023.03.22 07:18:01;4452352.000000;45.324451;36.108646;2348;49.312500;41.375000;43.125000;3
2023.03.22 07:20:01;3919872.000000;64.798566;36.103305;2349;49.437500;41.437500;43.000000;3
2023.03.22 07:22:00;6127616.000000;45.708407;36.097348;2349;49.312500;41.500000;43.125000;3
2023.03.22 07:24:01;4485120.000000;66.392292;36.092006;2349;49.437500;41.562500;43.062500;3
2023.03.22 07:26:00;3936256.000000;48.035026;36.086665;2349;49.437500;41.562500;43.250000;3
2023.03.22 07:28:00;4698112.000000;38.891612;36.081427;2349;49.562500;41.625000;43.312500;3
2023.03.22 07:30:01;4325376.000000;59.028817;36.076086;2350;49.625000;41.687500;43.312500;3
2023.03.22 07:32:00;6221824.000000;42.097749;36.070129;2350;49.687500;41.750000;43.312500;3
2023.03.22 07:34:01;4562944.000000;65.844043;36.064787;2350;49.875000;41.812500;43.500000;3
2023.03.22 07:36:00;5230592.000000;41.370323;36.059446;2350;49.687500;41.875000;43.562500;3
2023.03.22 07:38:00;4444160.000000;35.435121;36.054208;2350;49.687500;41.937500;43.562500;3
2023.03.22 07:40:00;4038656.000000;36.802272;36.048867;2350;49.937500;42.000000;43.562500;3
2023.03.22 07:42:00;5705728.000000;42.340750;36.042909;2351;49.937500;42.062500;43.750000;3
2023.03.22 07:44:00;3928064.000000;45.749623;36.037568;2351;50.062500;42.125000;43.875000;3
2023.03.22 07:46:00;3874816.000000;63.353753;36.032227;2351;49.937500;42.187500;43.750000;3
2023.03.22 07:48:00;3944448.000000;65.977014;36.026989;2351;50.187500;42.187500;43.875000;3
2023.03.22 07:50:00;4689920.000000;47.553137;36.021648;2351;50.125000;42.250000;43.937500;3
2023.03.22 07:52:00;5873664.000000;47.922446;36.015690;2352;50.187500;42.312500;43.937500;3
2023.03.22 07:54:01;4222976.000000;56.210413;36.010349;2352;50.312500;42.375000;44.000000;3
2023.03.22 07:56:00;5562368.000000;58.896428;36.005008;2352;50.250000;42.375000;44.000000;3
2023.03.22 07:58:00;4341760.000000;53.644890;35.999770;2352;50.500000;42.437500;44.125000;3
2023.03.22 08:00:00;3936256.000000;52.185362;35.994429;2352;50.312500;42.500000;44.125000;3
2023.03.22 08:02:01;5619712.000000;57.342464;35.988471;2353;50.500000;42.562500;44.187500;3
2023.03.22 08:04:00;3842048.000000;49.124431;35.983130;2353;50.562500;42.562500;44.312500;3
2023.03.22 08:06:00;4857856.000000;59.022865;35.977789;2353;50.312500;42.625000;44.250000;3
2023.03.22 08:08:00;4476928.000000;50.072272;35.972551;2353;50.562500;42.625000;44.312500;3
2023.03.22 08:10:01;3969024.000000;57.183150;35.967210;2354;50.687500;42.687500;44.312500;3
2023.03.22 08:12:01;5873664.000000;45.410986;35.961252;2354;50.625000;42.687500;44.375000;3
2023.03.22 08:14:00;4308992.000000;60.529143;35.955911;2354;50.812500;42.750000;44.500000;3
2023.03.22 08:16:01;5111808.000000;50.704602;35.950570;2354;50.812500;42.812500;44.500000;3
2023.03.22 08:18:00;4603904.000000;63.368161;35.945332;2354;50.875000;42.812500;44.562500;3
2023.03.22 08:20:00;4349952.000000;63.308566;35.939991;2355;50.875000;42.875000;44.500000;3
2023.03.22 08:22:00;6094848.000000;67.634987;35.934033;2355;50.937500;42.937500;44.687500;3
2023.03.22 08:24:00;4603904.000000;54.715432;35.928692;2355;50.875000;43.000000;44.625000;3
2023.03.22 08:26:00;5332992.000000;46.921024;35.923351;2355;51.000000;43.062500;44.812500;3
2023.03.22 08:28:01;4984832.000000;67.902402;35.918113;2355;51.125000;43.125000;44.750000;3
2023.03.22 08:30:00;4452352.000000;52.752670;35.912772;2356;51.187500;43.125000;44.812500;3
2023.03.22 08:32:00;7389184.000000;47.475968;35.906814;2356;51.000000;43.187500;44.812500;3
2023.03.22 08:34:01;5611520.000000;75.873816;35.901473;2356;51.187500;43.250000;44.875000;3
2023.03.22 08:36:00;3825664.000000;39.506451;35.896132;2356;51.125000;43.312500;45.000000;3
2023.03.22 08:38:01;3833856.000000;72.015183;35.890894;2356;51.375000;43.312500;45.062500;3
2023.03.22 08:40:00;4456448.000000;68.282628;35.885553;2357;51.250000;43.312500;45.062500;3
2023.03.22 08:42:01;6254592.000000;40.819466;35.879595;2357;51.437500;43.375000;45.062500;3
2023.03.22 08:44:01;4706304.000000;44.575553;35.874254;2357;51.375000;43.437500;45.125000;3
2023.03.22 08:46:00;4898816.000000;59.313487;35.868913;2357;51.250000;43.437500;45.125000;3
2023.03.22 08:48:00;5595136.000000;39.031592;35.863675;2357;51.312500;43.500000;45.125000;3
2023.03.22 08:50:00;4349952.000000;52.788251;35.858334;2357;51.312500;43.500000;45.250000;3
2023.03.22 08:52:01;6356992.000000;51.401395;35.852376;2358;51.437500;43.562500;45.125000;3
2023.03.22 08:54:01;4603904.000000;70.621023;35.847035;2358;51.500000;43.562500;45.312500;3
2023.03.22 08:56:01;4190208.000000;35.857762;35.841694;2358;51.500000;43.625000;45.312500;3
2023.03.22 08:58:00;4722688.000000;40.970211;35.836456;2358;51.562500;43.687500;45.312500;3
2023.03.22 09:00:01;4358144.000000;55.431598;35.831115;2359;51.687500;43.687500;45.375000;3
2023.03.22 09:02:01;5619712.000000;44.171065;35.825157;2359;51.687500;43.750000;45.375000;3
2023.03.22 09:04:00;3895296.000000;51.621313;35.819816;2359;51.875000;43.812500;45.500000;3
2023.03.22 09:06:00;5492736.000000;48.871231;35.814475;2359;51.750000;43.875000;45.625000;3
2023.03.22 09:08:00;4063232.000000;43.367320;35.809237;2359;51.812500;43.875000;45.625000;3
2023.03.22 09:10:01;3825664.000000;53.654601;35.803896;2360;51.937500;43.937500;45.625000;3
2023.03.22 09:12:00;6332416.000000;35.214121;35.797938;2360;51.937500;44.062500;45.812500;3
2023.03.22 09:14:01;4857856.000000;69.158624;35.792597;2360;52.062500;44.062500;45.812500;3
2023.03.22 09:16:00;4087808.000000;46.769806;35.787256;2360;52.000000;44.125000;45.812500;3
2023.03.22 09:18:00;4571136.000000;50.770671;35.782018;2360;52.187500;44.187500;45.937500;3
2023.03.22 09:20:01;4308992.000000;54.306600;35.776677;2361;52.312500;44.312500;46.000000;3
2023.03.22 09:22:00;5222400.000000;52.145205;35.770719;2361;52.375000;44.375000;46.062500;3
2023.03.22 09:24:00;4460544.000000;56.617407;35.765378;2361;52.437500;44.437500;46.125000;3
2023.03.22 09:26:00;5165056.000000;48.984585;35.760037;2361;52.562500;44.500000;46.250000;3
2023.03.22 09:28:00;3825664.000000;49.219201;35.754799;2361;52.562500;44.562500;46.375000;3
2023.03.22 09:30:00;5603328.000000;34.983415;35.749458;2361;52.687500;44.625000;46.312500;3
2023.03.22 09:32:00;6205440.000000;36.257780;35.743500;2362;52.687500;44.750000;46.500000;3
2023.03.22 09:34:00;4579328.000000;44.770517;35.738159;2362;52.750000;44.812500;46.625000;3
2023.03.22 09:36:00;4079616.000000;60.554670;35.732818;2362;52.812500;44.812500;46.562500;3
2023.03.22 09:38:00;6111232.000000;40.952080;35.727580;2362;52.750000;44.875000;46.500000;3
2023.03.22 09:40:00;4153344.000000;41.068669;35.722239;2362;52.812500;44.875000;46.500000;3
2023.03.22 09:42:01;5074944.000000;64.555730;35.716281;2363;52.875000;44.937500;46.562500;3
2023.03.22 09:44:00;4202496.000000;41.519761;35.710940;2363;52.875000;44.937500;46.750000;3
2023.03.22 09:46:00;4059136.000000;42.066622;35.705599;2363;52.812500;44.937500;46.687500;3
2023.03.22 09:48:01;4829184.000000;56.228461;35.700361;2363;53.000000;45.000000;46.750000;3
2023.03.22 09:50:00;5971968.000000;48.940297;35.695020;2364;53.062500;45.062500;46.812500;3
2023.03.22 09:52:01;5439488.000000;46.192003;35.689062;2364;53.062500;45.062500;46.812500;3
2023.03.22 09:54:00;4075520.000000;53.266639;35.683721;2364;53.125000;45.125000;46.875000;3
2023.03.22 09:56:00;4837376.000000;44.190954;35.678380;2364;53.000000;45.125000;46.875000;3
2023.03.22 09:58:01;4059136.000000;48.428530;35.673142;2364;53.187500;45.125000;46.875000;3
2023.03.22 10:00:00;4661248.000000;47.310318;35.667801;2365;53.187500;45.187500;46.875000;3
2023.03.22 10:02:00;5971968.000000;56.422622;35.661843;2365;53.062500;45.187500;46.875000;3
2023.03.22 10:04:01;4034560.000000;63.755665;35.656502;2365;53.250000;45.187500;46.875000;3
2023.03.22 10:06:01;4702208.000000;69.853768;35.651161;2365;53.312500;45.187500;46.937500;3
2023.03.22 10:08:01;4194304.000000;41.354412;35.645923;2365;53.312500;45.187500;47.000000;3
2023.03.22 10:10:01;4964352.000000;58.772482;35.640582;2366;53.250000;45.187500;47.062500;3
2023.03.22 10:12:01;5693440.000000;67.984029;35.634624;2366;53.250000;45.250000;47.000000;3
2023.03.22 10:14:00;4202496.000000;62.876677;35.629283;2366;53.312500;45.250000;47.000000;3
2023.03.22 10:16:00;4440064.000000;50.211456;35.623942;2366;53.250000;45.312500;47.000000;3
2023.03.22 10:18:01;4059136.000000;39.779469;35.618704;2366;53.375000;45.375000;47.125000;3
2023.03.22 10:20:00;3940352.000000;65.526924;35.613363;2367;53.375000;45.375000;47.062500;3
2023.03.22 10:22:00;5947392.000000;66.870729;35.607405;2367;53.625000;45.437500;47.250000;3
2023.03.22 10:24:00;4009984.000000;42.876491;35.602064;2367;53.500000;45.500000;47.250000;3
2023.03.22 10:26:01;4947968.000000;54.199985;35.596723;2367;53.687500;45.500000;47.187500;3
2023.03.22 10:28:01;4448256.000000;61.468456;35.591485;2367;53.625000;45.562500;47.187500;3
2023.03.22 10:30:01;4067328.000000;53.771913;35.586144;2368;53.562500;45.562500;47.375000;3
2023.03.22 10:32:01;5939200.000000;51.668254;35.580186;2368;53.750000;45.562500;47.250000;3
2023.03.22 10:34:00;4288512.000000;39.180999;35.574845;2368;53.500000;45.562500;47.312500;3
2023.03.22 10:36:01;4923392.000000;49.199345;35.569504;2368;53.562500;45.562500;47.250000;3
2023.03.22 10:38:00;4448256.000000;35.460781;35.564266;2368;53.375000;45.500000;47.250000;3
2023.03.22 10:40:01;4075520.000000;55.943401;35.558925;2369;53.437500;45.500000;47.250000;3
2023.03.22 10:42:01;7217152.000000;56.837851;35.552967;2369;53.500000;45.437500;47.312500;3
2023.03.22 10:44:00;5685248.000000;47.362571;35.547626;2369;53.375000;45.437500;47.187500;3
2023.03.22 10:46:00;4001792.000000;38.099467;35.542285;2369;53.500000;45.437500;47.312500;3
2023.03.22 10:48:01;4702208.000000;66.963702;35.537047;2369;53.375000;45.437500;47.312500;3
2023.03.22 10:50:00;4407296.000000;49.858872;35.531706;2370;53.437500;45.437500;47.187500;3
2023.03.22 10:52:01;6320128.000000;57.086252;35.525337;2370;53.437500;45.500000;47.250000;3
2023.03.22 10:54:00;4517888.000000;50.144987;35.520407;2370;53.312500;45.500000;47.125000;3
2023.03.22 10:56:00;4186112.000000;48.962300;35.515066;2370;53.437500;45.500000;47.250000;3
2023.03.22 10:58:00;4763648.000000;57.503110;35.509828;2370;53.312500;45.500000;47.312500;3
2023.03.22 11:00:00;4575232.000000;43.176198;35.504487;2370;53.375000;45.500000;47.250000;3
2023.03.22 11:02:01;6098944.000000;68.738167;35.498529;2371;53.500000;45.500000;47.187500;3
2023.03.22 11:04:00;4694016.000000;42.935993;35.493188;2371;53.375000;45.437500;47.187500;3
2023.03.22 11:06:01;3772416.000000;49.946809;35.487847;2371;53.500000;45.437500;47.187500;3
2023.03.22 11:08:00;4661248.000000;55.493709;35.482609;2371;53.312500;45.375000;47.187500;3
2023.03.22 11:10:00;4091904.000000;63.040126;35.477267;2372;53.250000;45.312500;47.062500;3
2023.03.22 11:12:00;6193152.000000;48.225310;35.471310;2372;53.312500;45.312500;46.875000;3
2023.03.22 11:14:00;4247552.000000;42.294537;35.465969;2372;53.062500;45.250000;46.937500;3
2023.03.22 11:16:00;5042176.000000;46.414778;35.460628;2372;53.062500;45.187500;47.062500;3
2023.03.22 11:18:01;4448256.000000;50.810422;35.455390;2372;53.187500;45.125000;46.875000;3
2023.03.22 11:20:00;5091328.000000;47.609535;35.450048;2372;53.187500;45.125000;46.750000;3
2023.03.22 11:22:01;5947392.000000;48.478759;35.444091;2373;53.125000;45.062500;46.875000;3
2023.03.22 11:24:00;4296704.000000;52.613971;35.438750;2373;53.000000;45.062500;46.937500;3
2023.03.22 11:26:00;3940352.000000;38.423351;35.433409;2373;53.000000;45.062500;46.875000;3
2023.03.22 11:28:00;5677056.000000;44.666156;35.428171;2373;53.000000;45.062500;46.875000;3
2023.03.22 11:30:00;3940352.000000;56.024284;35.422829;2373;52.937500;45.062500;46.875000;3
2023.03.22 11:32:01;7368704.000000;68.731958;35.416872;2374;53.125000;45.062500;46.875000;3
2023.03.22 11:34:01;5591040.000000;67.971816;35.411531;2374;53.187500;45.125000;46.937500;3
2023.03.22 11:36:00;3899392.000000;31.882963;35.406190;2374;53.062500;45.125000;47.000000;3
2023.03.22 11:38:00;4415488.000000;49.190180;35.400952;2374;53.187500;45.187500;46.937500;3
2023.03.22 11:40:00;4296704.000000;57.551621;35.395610;2375;53.250000;45.250000;47.062500;3
2023.03.22 11:42:01;4947968.000000;58.535962;35.389653;2375;53.312500;45.312500;47.187500;3
2023.03.22 11:44:01;4661248.000000;67.415664;35.384312;2375;53.500000;45.375000;47.125000;3
2023.03.22 11:46:00;4067328.000000;56.889715;35.378971;2375;53.562500;45.500000;47.187500;3
2023.03.22 11:48:00;4448256.000000;63.447232;35.373733;2375;53.562500;45.562500;47.312500;3
2023.03.22 11:50:00;4067328.000000;50.673757;35.368289;2375;53.500000;45.625000;47.375000;3
2023.03.22 11:52:01;6488064.000000;58.709282;35.362331;2376;53.625000;45.625000;47.375000;3
2023.03.22 11:54:01;4669440.000000;71.382919;35.356990;2376;53.625000;45.687500;47.375000;3
2023.03.22 11:56:00;5210112.000000;50.631470;35.351649;2376;53.500000;45.687500;47.500000;3
2023.03.22 11:58:00;4771840.000000;48.915715;35.346411;2376;53.687500;45.687500;47.437500;3
2023.03.22 12:00:00;5971968.000000;52.338136;35.341070;2377;53.750000;45.750000;47.562500;3
2023.03.22 12:02:00;6352896.000000;48.977996;35.335112;2377;53.812500;45.812500;47.625000;3
2023.03.22 12:04:01;4820992.000000;68.356315;35.329771;2377;53.812500;45.812500;47.625000;3
2023.03.22 12:06:00;3813376.000000;40.258522;35.324430;2377;53.812500;45.812500;47.562500;3
2023.03.22 12:08:00;4542464.000000;46.178434;35.319192;2377;53.750000;45.875000;47.625000;3
2023.03.22 12:10:00;4517888.000000;50.742741;35.313851;2377;53.875000;45.937500;47.687500;3
2023.03.22 12:12:01;6574080.000000;73.293749;35.307893;2378;54.062500;46.000000;47.812500;3
2023.03.22 12:14:00;4812800.000000;38.562776;35.302552;2378;54.000000;46.062500;47.750000;3
2023.03.22 12:16:00;5345280.000000;46.177771;35.297211;2378;54.062500;46.125000;47.812500;3
2023.03.22 12:18:01;4829184.000000;55.776968;35.291973;2378;54.250000;46.125000;48.000000;3
2023.03.22 12:20:00;4710400.000000;35.027411;35.286632;2378;54.125000;46.187500;47.875000;3
2023.03.22 12:22:01;5812224.000000;65.674206;35.280674;2379;54.187500;46.250000;48.125000;3
2023.03.22 12:24:01;4374528.000000;64.660791;35.275333;2379;54.312500;46.250000;48.062500;3
2023.03.22 12:26:00;4837376.000000;44.079274;35.269992;2379;54.250000;46.312500;48.125000;3
2023.03.22 12:28:00;5718016.000000;46.295434;35.264754;2379;54.500000;46.375000;48.250000;3
2023.03.22 12:30:00;3932160.000000;52.118200;35.259413;2380;54.437500;46.437500;48.250000;3
2023.03.22 12:32:00;6352896.000000;57.733280;35.253455;2380;54.312500;46.437500;48.250000;3
2023.03.22 12:34:01;4669440.000000;50.282144;35.248114;2380;54.500000;46.437500;48.250000;3
2023.03.22 12:36:00;4067328.000000;52.884795;35.242773;2380;54.312500;46.437500;48.250000;3
2023.03.22 12:38:00;4947968.000000;45.365307;35.237535;2380;54.250000;46.437500;48.187500;3
2023.03.22 12:40:01;4247552.000000;53.952409;35.232194;2381;54.437500;46.437500;48.125000;3
2023.03.22 12:42:00;5836800.000000;61.827907;35.226236;2381;54.437500;46.375000;48.125000;3
2023.03.22 12:44:00;4194304.000000;51.996079;35.220895;2381;54.312500;46.437500;48.187500;3
2023.03.22 12:46:01;4075520.000000;62.130439;35.215554;2381;54.375000;46.437500;48.250000;3
2023.03.22 12:48:01;4804608.000000;68.169343;35.210316;2381;54.437500;46.437500;48.250000;3
2023.03.22 12:50:00;5718016.000000;47.494771;35.204975;2381;54.437500;46.500000;48.250000;3
2023.03.22 12:52:00;6471680.000000;70.352267;35.199017;2382;54.500000;46.500000;48.250000;3
2023.03.22 12:54:00;4702208.000000;52.015145;35.193676;2382;54.437500;46.500000;48.250000;3
2023.03.22 12:56:01;5185536.000000;51.018983;35.188335;2382;54.437500;46.437500;48.312500;3
2023.03.22 12:58:01;4534272.000000;43.121942;35.183097;2382;54.375000;46.437500;48.187500;3
2023.03.22 13:00:00;4567040.000000;49.002033;35.177756;2382;54.437500;46.375000;48.187500;3
2023.03.22 13:02:00;5201920.000000;44.160236;35.171798;2383;54.437500;46.312500;48.000000;3
2023.03.22 13:04:01;4415488.000000;62.446560;35.166457;2383;54.312500;46.312500;47.937500;3
2023.03.22 13:06:00;4194304.000000;46.462311;35.161116;2383;54.125000;46.250000;48.000000;3
2023.03.22 13:08:01;4702208.000000;53.776462;35.155878;2383;54.250000;46.187500;48.000000;3
2023.03.22 13:10:00;5599232.000000;60.896019;35.150537;2384;54.187500;46.187500;47.937500;3
2023.03.22 13:12:00;6549504.000000;53.654787;35.144579;2384;54.062500;46.187500;47.875000;3
2023.03.22 13:14:00;4567040.000000;69.120197;35.139238;2384;54.125000;46.125000;47.937500;3
2023.03.22 13:16:00;4128768.000000;65.280278;35.133897;2384;54.062500;46.062500;47.875000;3
2023.03.22 13:18:00;3805184.000000;41.346444;35.128659;2384;54.062500;46.062500;47.875000;3
2023.03.22 13:20:00;4702208.000000;69.801301;35.123318;2385;54.062500;46.062500;47.875000;3
2023.03.22 13:22:00;5582848.000000;68.902213;35.117360;2385;54.062500;46.062500;47.937500;3
2023.03.22 13:24:01;4669440.000000;67.969433;35.112019;2385;54.062500;46.062500;47.875000;3
2023.03.22 13:26:00;4321280.000000;43.742951;35.106678;2385;53.937500;46.062500;47.875000;3
2023.03.22 13:28:01;4169728.000000;66.092627;35.101440;2385;54.062500;46.062500;47.750000;3
2023.03.22 13:30:00;4653056.000000;39.729287;35.096099;2385;54.062500;46.062500;47.875000;3
2023.03.22 13:32:01;5844992.000000;65.752545;35.090141;2386;54.000000;46.000000;47.812500;3
2023.03.22 13:34:00;4448256.000000;46.130611;35.084800;2386;53.750000;46.000000;47.750000;3
2023.03.22 13:36:00;4947968.000000;72.291671;35.079459;2386;54.000000;45.937500;47.687500;3
2023.03.22 13:38:00;5709824.000000;56.297147;35.074221;2386;53.687500;45.812500;47.500000;3
2023.03.22 13:40:00;4313088.000000;63.467725;35.068880;2387;53.687500;45.812500;47.562500;3
2023.03.22 13:42:01;5931008.000000;50.360669;35.062922;2387;53.750000;45.750000;47.500000;3
2023.03.22 13:44:00;4440064.000000;48.661889;35.057581;2387;53.562500;45.687500;47.375000;3
2023.03.22 13:46:00;3788800.000000;49.839949;35.052240;2387;53.687500;45.687500;47.375000;3
2023.03.22 13:48:00;5709824.000000;54.465850;35.047002;2387;53.500000;45.687500;47.437500;3
2023.03.22 13:50:00;4128768.000000;61.875046;35.041661;2387;53.625000;45.687500;47.500000;3
2023.03.22 13:52:00;6303744.000000;51.286963;35.035703;2388;53.625000;45.750000;47.437500;3
2023.03.22 13:54:01;4780032.000000;69.542807;35.030362;2388;53.812500;45.750000;47.500000;3
2023.03.22 13:56:00;3915776.000000;45.527069;35.025021;2388;53.687500;45.812500;47.562500;3
2023.03.22 13:58:01;4558848.000000;52.876300;35.019783;2388;53.937500;45.875000;47.625000;3
2023.03.22 14:00:00;5525504.000000;39.663115;35.014441;2388;53.937500;45.937500;47.687500;3
2023.03.22 14:02:01;6057984.000000;41.273666;35.008484;2389;54.000000;46.000000;47.687500;3
2023.03.22 14:04:00;4620288.000000;39.051057;35.003143;2389;53.937500;46.000000;47.812500;3
2023.03.22 14:06:01;3874816.000000;55.349367;34.997802;2389;54.125000;46.062500;47.750000;3
2023.03.22 14:08:00;4694016.000000;51.911378;34.992564;2389;54.000000;46.062500;47.812500;3
2023.03.22 14:10:00;4407296.000000;62.896469;34.987222;2390;54.125000;46.125000;47.937500;3
2023.03.22 14:12:00;6311936.000000;49.612201;34.981265;2390;54.187500;46.187500;47.937500;3
2023.03.22 14:14:00;4694016.000000;53.238137;34.975924;2390;54.187500;46.250000;47.937500;3
2023.03.22 14:16:01;3899392.000000;43.992460;34.970583;2390;54.437500;46.250000;48.000000;3
2023.03.22 14:18:00;4567040.000000;41.762095;34.965345;2390;54.250000;46.312500;48.062500;3
2023.03.22 14:20:01;4153344.000000;69.529760;34.960003;2391;54.375000;46.312500;48.125000;3
2023.03.22 14:22:01;6082560.000000;51.306952;34.954046;2391;54.375000;46.375000;48.062500;3
2023.03.22 14:24:00;4448256.000000;45.131474;34.948705;2391;54.312500;46.375000;48.062500;3
2023.03.22 14:26:01;4194304.000000;43.546521;34.943364;2391;54.375000;46.375000;48.000000;3
2023.03.22 14:28:01;4542464.000000;72.869685;34.938126;2391;54.375000;46.375000;48.187500;3
2023.03.22 14:30:00;4067328.000000;60.234091;34.932784;2392;54.187500;46.312500;48.125000;3
2023.03.22 14:32:00;5844992.000000;59.726447;34.926827;2392;54.250000;46.312500;48.125000;3
2023.03.22 14:34:01;4440064.000000;57.429383;34.921486;2392;54.312500;46.312500;48.000000;3
2023.03.22 14:36:01;3923968.000000;51.840315;34.916145;2392;54.250000;46.312500;48.062500;3
2023.03.22 14:38:00;4534272.000000;50.057472;34.910907;2392;54.250000;46.250000;48.000000;3
2023.03.22 14:40:01;4313088.000000;69.147133;34.905565;2393;54.250000;46.250000;48.187500;3
2023.03.22 14:42:01;6217728.000000;54.446703;34.899608;2393;54.375000;46.250000;47.937500;3
2023.03.22 14:44:00;4575232.000000;43.145659;34.894267;2393;54.125000;46.250000;47.937500;3
2023.03.22 14:46:00;4034560.000000;49.240333;34.888926;2393;54.187500;46.250000;48.000000;3
2023.03.22 14:48:01;4939776.000000;67.694912;34.883687;2393;54.312500;46.250000;48.062500;3
2023.03.22 14:50:00;4026368.000000;43.747029;34.878346;2393;54.250000;46.250000;48.000000;3
2023.03.22 14:52:00;11374592.000000;56.762140;34.872389;2394;54.250000;46.250000;48.000000;3
2023.03.22 14:54:00;9781248.000000;46.820951;34.867048;2394;54.250000;46.250000;48.062500;3
2023.03.22 14:56:01;8003584.000000;52.558327;34.861707;2394;54.375000;46.250000;48.000000;3
2023.03.22 14:58:00;6447104.000000;69.476449;34.856468;2394;54.250000;46.312500;48.000000;3
2023.03.22 15:00:00;4567040.000000;53.663332;34.851127;2394;54.250000;46.312500;48.125000;3
2023.03.22 15:02:00;5423104.000000;29.005820;34.845170;2395;54.250000;46.312500;48.187500;3
2023.03.22 15:04:00;4956160.000000;47.499383;34.839829;2395;54.375000;46.312500;48.062500;3
2023.03.22 15:06:01;4186112.000000;51.116860;34.834488;2395;54.187500;46.312500;48.125000;3
2023.03.22 15:08:01;5050368.000000;69.611049;34.829249;2395;54.375000;46.312500;48.062500;3
2023.03.22 15:10:00;4694016.000000;55.945158;34.823908;2395;54.187500;46.312500;48.000000;3
2023.03.22 15:12:01;6217728.000000;45.778808;34.817951;2396;54.312500;46.312500;47.937500;3
2023.03.22 15:14:01;4415488.000000;56.200804;34.812610;2396;54.312500;46.250000;47.937500;3
2023.03.22 15:16:00;4153344.000000;51.740930;34.807269;2396;54.250000;46.250000;48.062500;3
2023.03.22 15:18:01;5582848.000000;49.533141;34.802030;2396;54.125000;46.250000;48.000000;3
2023.03.22 15:20:01;3829760.000000;66.278771;34.796689;2397;54.187500;46.187500;47.812500;3
2023.03.22 15:22:01;5447680.000000;40.718430;34.790732;2397;54.250000;46.187500;48.000000;3
2023.03.22 15:24:00;3772416.000000;43.196711;34.785391;2397;54.062500;46.125000;47.937500;3
2023.03.22 15:26:01;4272128.000000;37.540817;34.780050;2397;54.125000;46.125000;47.875000;3
2023.03.22 15:28:00;5541888.000000;69.180611;34.774811;2397;54.125000;46.125000;47.812500;3
2023.03.22 15:30:00;4440064.000000;43.151214;34.769470;2397;53.937500;46.125000;47.812500;3
2023.03.22 15:32:00;6438912.000000;42.208437;34.763513;2398;53.937500;46.062500;47.812500;3
2023.03.22 15:34:01;4550656.000000;63.743007;34.758172;2398;54.125000;46.062500;47.875000;3
2023.03.22 15:36:01;4169728.000000;44.557557;34.752831;2398;54.062500;46.062500;47.812500;3
2023.03.22 15:38:00;4534272.000000;66.346429;34.747592;2398;53.937500;46.062500;47.875000;3
2023.03.22 15:40:00;4218880.000000;54.808544;34.742251;2398;53.937500;46.062500;47.812500;3
2023.03.22 15:42:01;5414912.000000;49.143583;34.736294;2399;54.000000;46.062500;47.812500;3
2023.03.22 15:44:01;3764224.000000;58.161087;34.730953;2399;54.062500;46.000000;47.750000;3
2023.03.22 15:46:00;4186112.000000;47.568568;34.725612;2399;53.937500;46.000000;47.750000;3
2023.03.22 15:48:00;4026368.000000;50.641858;34.720373;2399;54.062500;46.062500;47.875000;3
2023.03.22 15:50:00;3796992.000000;43.399028;34.715032;2399;53.937500;46.125000;47.750000;3
2023.03.22 15:52:00;5193728.000000;49.042284;34.709075;2400;54.062500;46.125000;47.875000;3
2023.03.22 15:54:00;4026368.000000;54.300031;34.703734;2400;54.125000;46.187500;48.000000;3
2023.03.22 15:56:01;4567040.000000;45.849929;34.698393;2400;54.250000;46.250000;48.000000;3
2023.03.22 15:58:01;4050944.000000;43.115820;34.693154;2400;54.375000;46.250000;47.937500;3
2023.03.22 16:00:00;4653056.000000;56.056680;34.687813;2400;54.312500;46.312500;48.187500;3
2023.03.22 16:02:01;5709824.000000;54.708593;34.681856;2401;54.375000;46.375000;48.125000;3
2023.03.22 16:04:00;4034560.000000;62.951964;34.676515;2401;54.437500;46.375000;48.125000;3
2023.03.22 16:06:00;4550656.000000;47.014977;34.671174;2401;54.375000;46.437500;48.250000;3
2023.03.22 16:08:01;4136960.000000;69.393666;34.665935;2401;54.562500;46.437500;48.250000;3
2023.03.22 16:10:00;4947968.000000;52.789126;34.660594;2402;54.625000;46.500000;48.250000;3
2023.03.22 16:12:01;5931008.000000;53.785519;34.654637;2402;54.625000;46.562500;48.312500;3
2023.03.22 16:14:00;4567040.000000;39.956043;34.649296;2402;54.687500;46.562500;48.312500;3
2023.03.22 16:16:00;5234688.000000;45.131395;34.643955;2402;54.500000;46.625000;48.437500;3
2023.03.22 16:18:01;4517888.000000;47.598904;34.638716;2402;54.750000;46.687500;48.500000;3
2023.03.22 16:20:01;4169728.000000;63.372044;34.633375;2403;54.750000;46.687500;48.500000;3
2023.03.22 16:22:01;6209536.000000;57.967033;34.627418;2403;54.750000;46.750000;48.500000;3
2023.03.22 16:24:01;4399104.000000;60.964148;34.622077;2403;54.937500;46.750000;48.500000;3
2023.03.22 16:26:00;3796992.000000;51.117759;34.616736;2403;54.750000;46.812500;48.562500;3
2023.03.22 16:28:01;4685824.000000;62.238547;34.611497;2403;54.750000;46.812500;48.500000;3
2023.03.22 16:30:00;4136960.000000;47.064065;34.606156;2404;54.750000;46.875000;48.562500;3
2023.03.22 16:32:01;5058560.000000;61.259851;34.600199;2404;54.937500;46.875000;48.625000;3
2023.03.22 16:34:01;5533696.000000;50.697353;34.594858;2404;54.937500;46.875000;48.687500;3
2023.03.22 16:36:00;3932160.000000;63.926385;34.589517;2404;54.937500;46.875000;48.625000;3
2023.03.22 16:38:00;4898816.000000;40.309278;34.584278;2404;54.875000;46.937500;48.625000;3
2023.03.22 16:40:00;4136960.000000;44.108415;34.578937;2404;54.812500;46.937500;48.562500;3
2023.03.22 16:42:00;5685248.000000;53.450024;34.572980;2405;54.875000;46.937500;48.687500;3
2023.03.22 16:44:01;3993600.000000;48.810817;34.567639;2405;55.000000;46.875000;48.625000;3
2023.03.22 16:46:00;5709824.000000;68.708265;34.562298;2405;54.937500;46.875000;48.687500;3
2023.03.22 16:48:00;4026368.000000;46.701153;34.557059;2405;54.750000;46.875000;48.625000;3
2023.03.22 16:50:00;4882432.000000;37.038400;34.551718;2405;54.750000;46.812500;48.562500;3
2023.03.22 16:52:00;5828608.000000;46.104766;34.545761;2406;54.875000;46.812500;48.437500;3
2023.03.22 16:54:01;4145152.000000;59.655159;34.540420;2406;54.750000;46.750000;48.500000;3
2023.03.22 16:56:01;4677632.000000;52.538781;34.535079;2406;54.750000;46.750000;48.500000;3
2023.03.22 16:58:01;4042752.000000;64.262413;34.529840;2406;54.687500;46.687500;48.562500;3
2023.03.22 17:00:00;4780032.000000;53.154405;34.524499;2407;54.687500;46.687500;48.437500;3
2023.03.22 17:02:00;5779456.000000;36.475381;34.518542;2407;54.500000;46.625000;48.437500;3
2023.03.22 17:04:00;4120576.000000;59.685336;34.513201;2407;54.500000;46.562500;48.312500;3
2023.03.22 17:06:01;4677632.000000;40.394065;34.507860;2407;54.625000;46.562500;48.250000;3
2023.03.22 17:08:01;5533696.000000;67.358184;34.502621;2407;54.500000;46.500000;48.375000;3
2023.03.22 17:10:00;4009984.000000;56.924670;34.497280;2408;54.562500;46.437500;48.062500;3
2023.03.22 17:12:01;6590464.000000;43.950369;34.491323;2408;54.437500;46.437500;48.312500;3
2023.03.22 17:14:01;5042176.000000;51.279010;34.485982;2408;54.375000;46.375000;48.125000;3
2023.03.22 17:16:00;4431872.000000;70.088637;34.480641;2408;54.375000;46.312500;48.187500;3
2023.03.22 17:18:00;3923968.000000;38.697610;34.475402;2408;54.125000;46.250000;48.000000;3
2023.03.22 17:20:01;4939776.000000;65.045622;34.470061;2409;54.312500;46.250000;47.937500;3
2023.03.22 17:22:00;6971392.000000;52.751167;34.464104;2409;54.187500;46.187500;47.875000;3
2023.03.22 17:24:00;5193728.000000;44.657841;34.458763;2409;54.062500;46.125000;47.937500;3
2023.03.22 17:26:00;4780032.000000;46.062388;34.453422;2409;54.000000;46.125000;47.875000;3
2023.03.22 17:28:01;5419008.000000;56.088171;34.448183;2409;54.062500;46.062500;47.812500;3
2023.03.22 17:30:00;4780032.000000;51.229849;34.442842;2410;54.062500;46.000000;47.812500;3
2023.03.22 17:32:00;5820416.000000;40.754788;34.436885;2410;53.937500;46.000000;47.750000;3
2023.03.22 17:34:01;4009984.000000;54.456584;34.431544;2410;54.000000;45.937500;47.625000;3
2023.03.22 17:36:01;4771840.000000;55.185907;34.426203;2410;53.812500;45.875000;47.750000;3
2023.03.22 17:38:01;4059136.000000;53.531149;34.420964;2410;53.875000;45.875000;47.625000;3
2023.03.22 17:40:00;3891200.000000;33.456966;34.415623;2410;53.687500;45.812500;47.562500;3
2023.03.22 17:42:00;5693440.000000;46.862982;34.409666;2411;53.687500;45.750000;47.562500;3
2023.03.22 17:44:00;4296704.000000;38.600747;34.404325;2411;53.687500;45.687500;47.500000;3
2023.03.22 17:46:00;4661248.000000;59.202563;34.398984;2411;53.500000;45.687500;47.375000;3
2023.03.22 17:48:00;4407296.000000;39.280536;34.393745;2411;53.437500;45.625000;47.250000;3
2023.03.22 17:50:00;3858432.000000;49.189075;34.388404;2412;53.625000;45.562500;47.375000;3
2023.03.22 17:52:01;6041600.000000;68.058364;34.382447;2412;53.500000;45.500000;47.312500;3
2023.03.22 17:54:01;4390912.000000;52.959308;34.377106;2412;53.500000;45.500000;47.312500;3
2023.03.22 17:56:01;4780032.000000;70.971365;34.371765;2412;53.312500;45.437500;47.312500;3
2023.03.22 17:58:01;4534272.000000;52.475907;34.366526;2412;53.437500;45.437500;47.187500;3
2023.03.22 18:00:01;3932160.000000;45.355047;34.361185;2413;53.312500;45.375000;47.125000;3
2023.03.22 18:02:00;6152192.000000;60.289188;34.355228;2413;53.187500;45.312500;47.125000;3
2023.03.22 18:04:00;4440064.000000;61.432962;34.349887;2413;53.187500;45.250000;47.062500;3
2023.03.22 18:06:01;4915200.000000;61.563860;34.344546;2413;53.125000;45.187500;47.000000;3
2023.03.22 18:08:01;4280320.000000;44.561948;34.339307;2413;53.187500;45.125000;46.875000;3
2023.03.22 18:10:00;4059136.000000;61.722976;34.333966;2414;53.125000;45.125000;46.937500;3
2023.03.22 18:12:00;6414336.000000;49.927018;34.328009;2414;52.812500;45.062500;46.812500;3
2023.03.22 18:14:00;4018176.000000;52.634794;34.322668;2414;52.812500;45.000000;46.750000;3
2023.03.22 18:16:00;5066752.000000;35.702556;34.317326;2414;52.875000;44.937500;46.750000;3
2023.03.22 18:18:01;4550656.000000;67.523337;34.312088;2414;52.875000;44.937500;46.687500;3
2023.03.22 18:20:01;4042752.000000;46.077326;34.306747;2415;52.875000;44.875000;46.687500;3
2023.03.22 18:22:00;6279168.000000;55.019592;34.300790;2415;52.625000;44.812500;46.500000;3
2023.03.22 18:24:00;4685824.000000;54.674075;34.295449;2415;52.750000;44.750000;46.500000;3
2023.03.22 18:26:00;3739648.000000;48.791743;34.290107;2415;52.562500;44.687500;46.500000;3
2023.03.22 18:28:00;4653056.000000;46.458048;34.284869;2415;52.500000;44.625000;46.437500;3
2023.03.22 18:30:00;4423680.000000;55.974139;34.279528;2416;52.562500;44.625000;46.437500;3
2023.03.22 18:32:01;6336512.000000;54.023220;34.273571;2416;52.625000;44.562500;46.187500;3
2023.03.22 18:34:00;4313088.000000;68.757660;34.268230;2416;52.437500;44.500000;46.250000;3
2023.03.22 18:36:00;4915200.000000;48.268791;34.262888;2416;52.437500;44.500000;46.187500;3
2023.03.22 18:38:00;4567040.000000;56.953562;34.257650;2416;52.312500;44.437500;46.125000;3
2023.03.22 18:40:00;4018176.000000;40.935505;34.252309;2416;52.312500;44.375000;46.062500;3
2023.03.22 18:42:00;5541888.000000;55.530103;34.246352;2417;52.312500;44.375000;46.125000;3
2023.03.22 18:44:00;3923968.000000;49.819346;34.241011;2417;52.375000;44.312500;46.125000;3
2023.03.22 18:46:01;4440064.000000;79.789744;34.235669;2417;52.250000;44.312500;46.000000;3
2023.03.22 18:48:00;5144576.000000;44.550334;34.230431;2417;52.187500;44.312500;46.000000;3
2023.03.22 18:50:00;4898816.000000;52.725329;34.225090;2417;52.062500;44.250000;46.062500;3
2023.03.22 18:52:01;5279744.000000;60.448800;34.219133;2418;52.187500;44.250000;46.062500;3
2023.03.22 18:54:01;4763648.000000;58.404639;34.213792;2418;52.187500;44.250000;45.875000;3
2023.03.22 18:56:01;4304896.000000;58.417150;34.208450;2418;52.187500;44.250000;45.812500;3
2023.03.22 18:58:00;4042752.000000;44.183586;34.203212;2418;52.000000;44.187500;46.000000;3
2023.03.22 19:00:00;4628480.000000;38.494346;34.197871;2418;52.062500;44.187500;45.875000;3
2023.03.22 19:02:00;5668864.000000;57.498812;34.191914;2419;52.000000;44.187500;46.062500;3
2023.03.22 19:04:01;4931584.000000;45.854430;34.186572;2419;52.250000;44.187500;46.000000;3
2023.03.22 19:06:00;4423680.000000;44.374662;34.181231;2419;52.062500;44.187500;45.937500;3
2023.03.22 19:08:00;5328896.000000;45.280169;34.175993;2419;52.000000;44.187500;45.875000;3
2023.03.22 19:10:00;3772416.000000;59.576290;34.170652;2420;52.187500;44.125000;45.937500;3
2023.03.22 19:12:01;5574656.000000;54.839216;34.164695;2420;52.062500;44.125000;45.812500;3
2023.03.22 19:14:00;4169728.000000;53.159343;34.159353;2420;52.062500;44.125000;45.875000;3
2023.03.22 19:16:00;4837376.000000;43.909819;34.154012;2420;52.000000;44.125000;45.812500;3
2023.03.22 19:18:00;5427200.000000;49.850323;34.148774;2420;52.187500;44.125000;45.875000;3
2023.03.22 19:20:00;3796992.000000;59.965253;34.143433;2421;52.062500;44.125000;45.812500;3
2023.03.22 19:22:01;5795840.000000;69.071452;34.137476;2421;52.125000;44.125000;45.812500;3
2023.03.22 19:24:01;4050944.000000;62.648931;34.132134;2421;52.125000;44.125000;45.812500;3
2023.03.22 19:26:01;5939200.000000;58.552972;34.126793;2421;52.000000;44.062500;45.750000;3
2023.03.22 19:28:01;4255744.000000;69.021380;34.121555;2421;52.062500;44.062500;45.812500;3
2023.03.22 19:30:00;3698688.000000;47.113480;34.116214;2421;51.875000;44.062500;45.875000;3
2023.03.22 19:32:01;6209536.000000;62.099311;34.110257;2422;52.000000;44.062500;45.812500;3
2023.03.22 19:34:01;4415488.000000;57.238922;34.104915;2422;52.000000;44.062500;45.812500;3
2023.03.22 19:36:00;5144576.000000;40.828032;34.099574;2422;52.000000;44.000000;45.625000;3
2023.03.22 19:38:00;5779456.000000;58.990494;34.094336;2422;51.875000;43.937500;45.750000;3
2023.03.22 19:40:00;4136960.000000;55.749024;34.088995;2423;52.000000;43.875000;45.562500;3
2023.03.22 19:42:00;5812224.000000;49.296061;34.083038;2423;51.687500;43.812500;45.500000;3
2023.03.22 19:44:01;4255744.000000;47.516295;34.077696;2423;51.687500;43.750000;45.500000;3
2023.03.22 19:46:00;3915776.000000;63.569563;34.072355;2423;51.625000;43.687500;45.375000;3
2023.03.22 19:48:01;4677632.000000;64.203339;34.067117;2423;51.312500;43.562500;45.250000;3
2023.03.22 19:50:00;5636096.000000;56.644738;34.061776;2423;51.312500;43.437500;45.250000;3
2023.03.22 19:52:00;6201344.000000;38.774625;34.055819;2424;51.187500;43.375000;45.000000;3
2023.03.22 19:54:00;4685824.000000;52.154119;34.050477;2424;51.000000;43.250000;44.875000;3
2023.03.22 19:56:00;4018176.000000;66.839399;34.045136;2424;51.062500;43.187500;44.875000;3
2023.03.22 19:58:01;4939776.000000;43.890612;34.039898;2424;51.000000;43.062500;44.625000;3
2023.03.22 20:00:00;4431872.000000;26.402692;34.034557;2424;50.750000;43.000000;44.625000;3
2023.03.22 20:02:01;6209536.000000;51.402597;34.028599;2425;50.750000;42.937500;44.500000;3
2023.03.22 20:04:01;4517888.000000;68.272346;34.023258;2425;50.625000;42.812500;44.562500;3
2023.03.22 20:06:00;4009984.000000;73.027372;34.017917;2425;50.625000;42.687500;44.375000;3
2023.03.22 20:08:01;3747840.000000;68.739743;34.012679;2425;50.500000;42.625000;44.312500;3
2023.03.22 20:10:01;4415488.000000;55.582759;34.007338;2426;50.500000;42.562500;44.250000;3
2023.03.22 20:12:00;5234688.000000;46.529896;34.001380;2426;50.250000;42.500000;44.250000;3
2023.03.22 20:14:01;5701632.000000;63.732739;33.996039;2426;50.312500;42.437500;44.125000;3
2023.03.22 20:16:00;4304896.000000;37.852779;33.990698;2426;50.312500;42.375000;44.000000;3
2023.03.22 20:18:01;5009408.000000;45.613754;33.985460;2426;50.250000;42.375000;44.062500;3
2023.03.22 20:20:00;4677632.000000;46.501410;33.980119;2426;50.125000;42.312500;43.937500;3
2023.03.22 20:22:01;6516736.000000;65.277201;33.974161;2427;50.250000;42.312500;43.875000;3
2023.03.22 20:24:00;4788224.000000;48.520301;33.968820;2427;50.125000;42.250000;43.875000;3
2023.03.22 20:26:01;4423680.000000;50.360886;33.963479;2427;50.125000;42.250000;43.937500;3
2023.03.22 20:28:00;3723264.000000;34.558794;33.958241;2427;50.000000;42.250000;43.812500;3
2023.03.22 20:30:00;4526080.000000;59.692235;33.952900;2428;50.187500;42.187500;43.812500;3
2023.03.22 20:32:00;6406144.000000;37.941020;33.946942;2428;50.125000;42.187500;43.875000;3
2023.03.22 20:34:01;4661248.000000;53.788788;33.941601;2428;50.187500;42.187500;43.875000;3
2023.03.22 20:36:01;4288512.000000;71.998316;33.936260;2428;50.000000;42.187500;43.812500;3
2023.03.22 20:38:00;4612096.000000;56.388161;33.931022;2428;50.062500;42.187500;43.812500;3
2023.03.22 20:40:00;5898240.000000;50.705966;33.925681;2429;50.000000;42.187500;43.875000;3
2023.03.22 20:42:00;5652480.000000;50.608405;33.919723;2429;50.125000;42.187500;43.875000;3
2023.03.22 20:44:01;3780608.000000;51.512692;33.914382;2429;50.062500;42.187500;43.875000;3
2023.03.22 20:46:00;4423680.000000;57.614802;33.909041;2429;50.000000;42.187500;43.875000;3
2023.03.22 20:48:00;5050368.000000;46.211702;33.903803;2429;49.875000;42.187500;43.687500;3
2023.03.22 20:50:00;4636672.000000;59.076026;33.898462;2429;50.062500;42.187500;43.812500;3
2023.03.22 20:52:01;5558272.000000;48.796694;33.892504;2430;50.125000;42.187500;43.812500;3
2023.03.22 20:54:00;4042752.000000;51.648836;33.887163;2430;49.937500;42.187500;43.812500;3
2023.03.22 20:56:01;4771840.000000;61.802461;33.881822;2430;50.062500;42.187500;43.812500;3
2023.03.22 20:58:01;5017600.000000;70.228133;33.876584;2430;50.125000;42.187500;43.750000;3
2023.03.22 21:00:00;4603904.000000;47.913668;33.871243;2430;50.000000;42.187500;43.875000;3
2023.03.22 21:02:01;6184960.000000;69.506961;33.865285;2431;50.062500;42.187500;43.750000;3
2023.03.22 21:04:00;4390912.000000;46.702101;33.859944;2431;50.125000;42.187500;43.875000;3
2023.03.22 21:06:01;4636672.000000;58.839366;33.854603;2431;50.125000;42.187500;43.937500;3
2023.03.22 21:08:00;5652480.000000;54.382880;33.849365;2431;50.062500;42.250000;43.875000;3
2023.03.22 21:10:00;4128768.000000;45.972394;33.844024;2431;50.125000;42.250000;43.875000;3
2023.03.22 21:12:01;6066176.000000;57.591895;33.838066;2432;50.250000;42.312500;43.937500;3
2023.03.22 21:14:00;4288512.000000;55.445409;33.832725;2432;50.250000;42.312500;43.937500;3
2023.03.22 21:16:01;4898816.000000;63.438626;33.827384;2432;50.250000;42.312500;44.000000;3
2023.03.22 21:18:01;4542464.000000;70.795636;33.822146;2432;50.250000;42.375000;44.000000;3
2023.03.22 21:20:00;4161536.000000;52.755664;33.816805;2433;50.375000;42.375000;43.937500;3
2023.03.22 21:22:00;6184960.000000;51.665388;33.810847;2433;50.312500;42.375000;44.125000;3
2023.03.22 21:24:00;4128768.000000;50.103521;33.805506;2433;50.312500;42.375000;44.062500;3
2023.03.22 21:26:01;5169152.000000;57.209832;33.800165;2433;50.375000;42.375000;44.062500;3
2023.03.22 21:28:00;4534272.000000;48.041843;33.794927;2433;50.250000;42.375000;44.062500;3
2023.03.22 21:30:00;4096000.000000;49.923699;33.789586;2433;50.250000;42.375000;44.187500;3
2023.03.22 21:32:01;5644288.000000;44.350137;33.783628;2434;50.250000;42.375000;44.062500;3
2023.03.22 21:34:01;4513792.000000;61.553853;33.778287;2434;50.312500;42.375000;43.937500;3
2023.03.22 21:36:00;4415488.000000;53.530488;33.772946;2434;50.187500;42.375000;44.000000;3
2023.03.22 21:38:01;4771840.000000;57.952494;33.767708;2434;50.250000;42.312500;44.062500;3
2023.03.22 21:40:00;4448256.000000;64.596940;33.762367;2435;50.312500;42.312500;44.000000;3
2023.03.22 21:42:00;5455872.000000;60.355399;33.756409;2435;50.187500;42.312500;44.062500;3
2023.03.22 21:44:01;4304896.000000;52.320109;33.750657;2435;50.125000;42.312500;43.875000;3
2023.03.22 21:46:01;5160960.000000;60.960793;33.745727;2435;50.125000;42.312500;43.875000;3
2023.03.22 21:48:00;3747840.000000;52.975202;33.740489;2435;50.000000;42.250000;44.000000;3
2023.03.22 21:50:00;4653056.000000;41.365705;33.735148;2435;50.187500;42.250000;43.875000;3
2023.03.22 21:52:00;5193728.000000;68.826740;33.729190;2436;50.187500;42.250000;43.875000;3
2023.03.22 21:54:00;4694016.000000;38.922277;33.723849;2436;50.000000;42.187500;43.875000;3
2023.03.22 21:56:01;5582848.000000;45.214317;33.718508;2436;50.000000;42.125000;43.812500;3
2023.03.22 21:58:00;3932160.000000;49.867243;33.713270;2436;49.875000;42.062500;43.875000;3
2023.03.22 22:00:00;4653056.000000;59.767192;33.707929;2437;49.937500;42.000000;43.687500;3
2023.03.22 22:02:01;5709824.000000;71.318360;33.701971;2437;49.812500;41.937500;43.437500;3
2023.03.22 22:04:01;3940352.000000;51.534012;33.696630;2437;49.750000;41.875000;43.562500;3
2023.03.22 22:06:00;5574656.000000;54.721927;33.691289;2437;49.500000;41.812500;43.437500;3
2023.03.22 22:08:00;4050944.000000;61.170436;33.686051;2437;49.625000;41.750000;43.375000;3
2023.03.22 22:10:00;4820992.000000;42.317715;33.680710;2437;49.500000;41.625000;43.250000;3
2023.03.22 22:12:00;6193152.000000;29.830275;33.674752;2438;49.437500;41.625000;43.187500;3
2023.03.22 22:14:01;4534272.000000;49.356276;33.669411;2438;49.375000;41.500000;43.187500;3
2023.03.22 22:16:01;5201920.000000;41.068098;33.664070;2438;49.312500;41.437500;43.125000;3
2023.03.22 22:18:00;3805184.000000;57.443826;33.658832;2438;49.125000;41.375000;43.125000;3
2023.03.22 22:20:00;4169728.000000;62.597246;33.653491;2439;49.125000;41.312500;42.937500;3
2023.03.22 22:22:01;6193152.000000;42.477411;33.647533;2439;49.125000;41.250000;43.000000;3
2023.03.22 22:24:00;5042176.000000;43.680200;33.642192;2439;48.937500;41.187500;42.875000;3
2023.03.22 22:26:00;5574656.000000;52.111353;33.636851;2439;48.875000;41.125000;42.750000;3
2023.03.22 22:28:00;3923968.000000;50.567189;33.631613;2439;48.750000;41.125000;42.750000;3
2023.03.22 22:30:00;4780032.000000;59.798038;33.626272;2440;49.000000;41.062500;42.687500;3
2023.03.22 22:32:01;5804032.000000;49.244574;33.620314;2440;48.937500;41.000000;42.687500;3
2023.03.22 22:34:00;4304896.000000;53.340017;33.614973;2440;48.875000;41.000000;42.750000;3
2023.03.22 22:36:00;4788224.000000;48.438744;33.609632;2440;48.750000;40.937500;42.687500;3
2023.03.22 22:38:00;4415488.000000;56.498003;33.604394;2440;48.625000;40.937500;42.562500;3
2023.03.22 22:40:00;3907584.000000;41.084478;33.599053;2440;48.687500;40.875000;42.562500;3
2023.03.22 22:42:00;5844992.000000;47.867519;33.593095;2441;48.625000;40.875000;42.437500;3
2023.03.22 22:44:00;4186112.000000;51.496386;33.587754;2441;48.687500;40.875000;42.437500;3
2023.03.22 22:46:01;4796416.000000;53.403161;33.582413;2441;48.687500;40.812500;42.562500;3
2023.03.22 22:48:01;4300800.000000;52.408906;33.577175;2441;48.687500;40.812500;42.437500;3
2023.03.22 22:50:00;3932160.000000;53.225288;33.571834;2442;48.750000;40.812500;42.500000;3
2023.03.22 22:52:01;5828608.000000;42.569349;33.565876;2442;48.750000;40.875000;42.437500;3
2023.03.22 22:54:01;4026368.000000;70.799239;33.560535;2442;48.687500;40.812500;42.500000;3
2023.03.22 22:56:00;4771840.000000;56.857309;33.555194;2442;48.625000;40.812500;42.562500;3
2023.03.22 22:58:01;4263936.000000;40.894773;33.549956;2442;48.750000;40.875000;42.500000;3
2023.03.22 23:00:00;4050944.000000;63.588129;33.544615;2443;48.875000;40.875000;42.562500;3
2023.03.22 23:02:00;6041600.000000;52.758867;33.538657;2443;48.625000;40.875000;42.500000;3
2023.03.22 23:04:00;4558848.000000;45.429443;33.533316;2443;48.562500;40.875000;42.500000;3
2023.03.22 23:06:01;3891200.000000;62.439021;33.527975;2443;48.812500;40.875000;42.562500;3
2023.03.22 23:08:00;4685824.000000;48.082241;33.522737;2443;48.875000;40.875000;42.562500;3
2023.03.22 23:10:01;4169728.000000;65.781190;33.517396;2444;48.875000;40.875000;42.500000;3
2023.03.22 23:12:00;5693440.000000;53.094160;33.511438;2444;48.625000;40.937500;42.500000;3
2023.03.22 23:14:01;3858432.000000;42.797321;33.506097;2444;48.812500;40.937500;42.500000;3
2023.03.22 23:16:01;4136960.000000;66.743041;33.500756;2444;48.812500;40.937500;42.625000;3
2023.03.22 23:18:01;4386816.000000;56.911691;33.495004;2444;48.812500;40.937500;42.500000;3
2023.03.22 23:20:01;4558848.000000;47.468864;33.490177;2445;48.812500;40.937500;42.562500;3
2023.03.22 23:22:00;5472256.000000;31.453457;33.484219;2445;48.687500;40.937500;42.562500;3
2023.03.22 23:24:00;3739648.000000;40.217037;33.478878;2445;48.750000;40.937500;42.625000;3
2023.03.22 23:26:00;4550656.000000;43.920104;33.473537;2445;48.750000;40.937500;42.562500;3
2023.03.22 23:28:01;4304896.000000;54.731749;33.468299;2445;48.812500;41.000000;42.687500;3
2023.03.22 23:30:01;4587520.000000;54.392288;33.462957;2446;48.875000;41.000000;42.625000;3
2023.03.22 23:32:00;5701632.000000;66.219591;33.457000;2446;49.000000;41.000000;42.625000;3
2023.03.22 23:34:00;4050944.000000;51.633765;33.451659;2446;48.875000;41.062500;42.750000;3
2023.03.22 23:36:00;4780032.000000;49.428747;33.446318;2446;48.875000;41.062500;42.625000;3
2023.03.22 23:38:00;4263936.000000;48.378418;33.441080;2446;48.875000;41.062500;42.812500;3
2023.03.22 23:40:00;4845568.000000;54.886036;33.435738;2446;48.937500;41.125000;42.750000;3
2023.03.22 23:42:01;6201344.000000;45.629220;33.429781;2447;49.000000;41.125000;42.812500;3
2023.03.22 23:44:01;4431872.000000;52.543092;33.424337;2447;49.000000;41.125000;42.812500;3
2023.03.22 23:46:01;3899392.000000;42.558659;33.418996;2447;48.937500;41.125000;42.875000;3
2023.03.22 23:48:01;4685824.000000;71.791535;33.413758;2447;49.062500;41.125000;42.812500;3
2023.03.22 23:50:01;4059136.000000;65.260993;33.408417;2448;48.937500;41.125000;42.750000;3
2023.03.22 23:52:00;5775360.000000;69.376914;33.402459;2448;49.000000;41.187500;42.750000;3
2023.03.22 23:54:01;4558848.000000;62.055704;33.397118;2448;49.000000;41.125000;42.875000;3
2023.03.22 23:56:01;5160960.000000;70.034123;33.391777;2448;49.000000;41.187500;42.875000;3
2023.03.22 23:58:01;4440064.000000;59.461217;33.386539;2448;49.250000;41.187500;42.750000;3
