Time;Free Memory;CPU Usage;Drive Space;Number of Data Files;Temperatur 1;Temperatur 2;Temperatur 3;Logging Status
2023.03.23 00:00:01;4313088.000000;54.189991;33.381198;2449;49.125000;41.187500;42.750000;3
2023.03.23 00:02:01;5709824.000000;55.507098;33.375035;2449;49.062500;41.187500;42.750000;3
2023.03.23 00:04:00;6004736.000000;55.052442;37.289643;2305;49.062500;41.187500;42.812500;3
2023.03.23 00:06:01;4345856.000000;55.528770;37.284302;2305;49.000000;41.125000;42.812500;3
2023.03.23 00:08:00;3719168.000000;42.985776;37.279064;2305;48.937500;41.125000;42.750000;3
2023.03.23 00:10:00;4313088.000000;48.966722;37.273723;2305;48.812500;41.125000;42.812500;3
2023.03.23 00:12:00;6766592.000000;64.806007;37.267765;2306;49.125000;41.125000;42.812500;3
2023.03.23 00:14:01;4870144.000000;43.582020;37.262424;2306;48.937500;41.062500;42.687500;3
2023.03.23 00:16:01;4481024.000000;69.905766;37.257083;2306;48.875000;41.062500;42.687500;3
2023.03.23 00:18:00;5107712.000000;67.272068;37.251845;2306;49.000000;41.062500;42.687500;3
2023.03.23 00:20:00;4796416.000000;55.959329;37.246504;2307;48.937500;41.000000;42.687500;3
2023.03.23 00:22:00;6725632.000000;41.515426;37.240546;2307;48.875000;41.000000;42.625000;3
2023.03.23 00:24:01;4947968.000000;47.472431;37.235205;2307;48.937500;41.000000;42.687500;3
2023.03.23 00:26:00;4440064.000000;41.514856;37.229864;2307;48.812500;40.937500;42.562500;3
2023.03.23 00:28:00;4059136.000000;51.126193;37.224626;2307;48.625000;40.937500;42.562500;3
2023.03.23 00:30:00;4702208.000000;39.856206;37.219285;2307;48.625000;40.937500;42.687500;3
2023.03.23 00:32:00;6615040.000000;44.111269;37.213327;2308;48.750000;40.937500;42.562500;3
2023.03.23 00:34:00;4980736.000000;47.449079;37.207986;2308;48.687500;40.875000;42.562500;3
2023.03.23 00:36:01;4304896.000000;44.486874;37.202645;2308;48.750000;40.875000;42.500000;3
2023.03.23 00:38:00;4608000.000000;54.734761;37.197407;2308;48.750000;40.875000;42.562500;3
2023.03.23 00:40:00;5242880.000000;49.855855;37.192066;2308;48.687500;40.875000;42.500000;3
2023.03.23 00:42:00;6258688.000000;42.286304;37.186108;2309;48.812500;40.937500;42.562500;3
2023.03.23 00:44:01;4448256.000000;64.276997;37.180767;2309;48.687500;40.875000;42.562500;3
2023.03.23 00:46:00;5242880.000000;54.980643;37.175426;2309;48.562500;40.875000;42.500000;3
2023.03.23 00:48:01;4481024.000000;58.948794;37.170188;2309;48.875000;40.875000;42.500000;3
2023.03.23 00:50:00;4431872.000000;57.036921;37.164847;2310;48.687500;40.875000;42.500000;3
2023.03.23 00:52:00;6615040.000000;50.290171;37.158889;2310;48.812500;40.875000;42.562500;3
2023.03.23 00:54:01;5124096.000000;59.380690;37.153548;2310;48.812500;40.875000;42.500000;3
2023.03.23 00:56:01;5234688.000000;56.066440;37.148207;2310;48.812500;40.875000;42.562500;3
2023.03.23 00:58:00;5939200.000000;40.859144;37.142969;2310;48.750000;40.875000;42.562500;3
2023.03.23 01:00:00;4710400.000000;54.564009;37.137628;2311;48.750000;40.812500;42.437500;3
2023.03.23 01:02:00;5709824.000000;48.390060;37.131670;2311;48.687500;40.875000;42.562500;3
2023.03.23 01:04:01;4345856.000000;73.320645;37.126329;2311;48.625000;40.812500;42.437500;3
2023.03.23 01:06:01;3719168.000000;51.592770;37.120988;2311;48.625000;40.812500;42.437500;3
2023.03.23 01:08:00;4177920.000000;52.898524;37.115750;2311;48.562500;40.812500;42.437500;3
2023.03.23 01:10:01;4227072.000000;52.560519;37.110409;2312;48.750000;40.812500;42.500000;3
2023.03.23 01:12:00;7241728.000000;40.845108;37.104451;2312;48.625000;40.812500;42.375000;3
2023.03.23 01:14:01;5505024.000000;37.840803;37.099110;2312;48.687500;40.812500;42.375000;3
2023.03.23 01:16:00;3813376.000000;36.699873;37.093769;2312;48.625000;40.812500;42.437500;3
2023.03.23 01:18:00;4263936.000000;41.727043;37.088531;2312;48.500000;40.812500;42.437500;3
2023.03.23 01:20:00;3813376.000000;53.315143;37.083190;2313;48.687500;40.812500;42.500000;3
2023.03.23 01:22:00;5877760.000000;48.043189;37.077232;2313;48.687500;40.812500;42.500000;3
2023.03.23 01:24:00;4227072.000000;52.154931;37.071891;2313;48.625000;40.812500;42.562500;3
2023.03.23 01:26:01;4870144.000000;72.333122;37.066550;2313;48.687500;40.812500;42.437500;3
2023.03.23 01:28:00;5623808.000000;44.617268;37.061312;2313;48.625000;40.812500;42.500000;3
2023.03.23 01:30:01;3973120.000000;45.686244;37.055971;2314;48.812500;40.812500;42.500000;3
2023.03.23 01:32:01;6004736.000000;54.157148;37.050013;2314;48.625000;40.875000;42.500000;3
2023.03.23 01:34:00;4218880.000000;56.173992;37.044672;2314;48.687500;40.812500;42.625000;3
2023.03.23 01:36:00;4726784.000000;37.634105;37.039331;2314;48.500000;40.812500;42.562500;3
2023.03.23 01:38:01;4227072.000000;73.471344;37.033579;2314;48.687500;40.812500;42.437500;3
2023.03.23 01:40:00;5615616.000000;50.047192;37.028751;2315;48.687500;40.812500;42.437500;3
2023.03.23 01:42:01;5328896.000000;63.824097;37.022794;2315;48.625000;40.812500;42.500000;3
2023.03.23 01:44:00;4345856.000000;65.129616;37.017453;2315;48.625000;40.812500;42.437500;3
2023.03.23 01:46:00;4354048.000000;70.717393;37.012112;2315;48.625000;40.750000;42.375000;3
2023.03.23 01:48:01;3846144.000000;60.689693;37.006874;2315;48.625000;40.750000;42.437500;3
2023.03.23 01:50:00;4964352.000000;70.055046;37.001532;2316;48.500000;40.687500;42.312500;3
2023.03.23 01:52:00;5353472.000000;39.793251;36.995575;2316;48.375000;40.687500;42.375000;3
2023.03.23 01:54:00;3837952.000000;35.425050;36.990234;2316;48.312500;40.625000;42.187500;3
2023.03.23 01:56:01;4497408.000000;54.447403;36.984893;2316;48.375000;40.562500;42.250000;3
2023.03.23 01:58:00;3846144.000000;66.300694;36.979655;2316;48.312500;40.500000;42.125000;3
2023.03.23 02:00:00;4743168.000000;43.769215;36.974313;2316;48.187500;40.437500;42.062500;3
2023.03.23 02:02:00;6512640.000000;38.425758;36.968356;2317;48.062500;40.437500;42.125000;3
2023.03.23 02:04:01;4931584.000000;49.296642;36.963015;2317;48.187500;40.375000;42.000000;3
2023.03.23 02:06:00;4431872.000000;50.862740;36.957674;2317;48.000000;40.312500;42.000000;3
2023.03.23 02:08:00;4091904.000000;52.902048;36.952436;2317;48.000000;40.250000;41.937500;3
2023.03.23 02:10:01;4861952.000000;72.050111;36.947094;2318;48.125000;40.187500;41.875000;3
2023.03.23 02:12:01;6717440.000000;72.767522;36.941137;2318;48.000000;40.187500;41.875000;3
2023.03.23 02:14:00;4853760.000000;37.229318;36.935796;2318;48.000000;40.125000;41.812500;3
2023.03.23 02:16:00;5328896.000000;56.311437;36.930455;2318;48.000000;40.125000;41.875000;3
2023.03.23 02:18:00;4108288.000000;43.338259;36.925217;2318;48.000000;40.062500;41.875000;3
2023.03.23 02:20:01;4861952.000000;58.283587;36.919875;2319;47.937500;40.062500;41.562500;3
2023.03.23 02:22:00;5853184.000000;65.595809;36.913918;2319;47.812500;40.062500;41.750000;3
2023.03.23 02:24:00;4059136.000000;63.322379;36.908577;2319;47.875000;40.000000;41.750000;3
2023.03.23 02:26:00;4608000.000000;56.724718;36.903236;2319;47.812500;40.000000;41.687500;3
2023.03.23 02:28:00;4235264.000000;52.062050;36.897998;2319;47.812500;40.000000;41.625000;3
2023.03.23 02:30:00;5251072.000000;53.399711;36.892656;2319;47.812500;40.000000;41.625000;3
2023.03.23 02:32:00;5877760.000000;35.224348;36.886699;2320;47.875000;39.937500;41.687500;3
2023.03.23 02:34:00;4202496.000000;47.179729;36.881358;2320;47.750000;39.937500;41.625000;3
2023.03.23 02:36:00;4608000.000000;59.803969;36.876017;2320;47.875000;39.937500;41.625000;3
2023.03.23 02:38:00;4329472.000000;59.004710;36.870778;2320;47.875000;39.875000;41.562500;3
2023.03.23 02:40:00;3846144.000000;52.444945;36.865437;2321;47.750000;39.875000;41.625000;3
2023.03.23 02:42:01;6107136.000000;57.198894;36.859480;2321;47.687500;39.875000;41.500000;3
2023.03.23 02:44:01;4235264.000000;67.527124;36.854139;2321;47.687500;39.875000;41.437500;3
2023.03.23 02:46:01;4861952.000000;53.376789;36.848798;2321;47.687500;39.812500;41.562500;3
2023.03.23 02:48:00;4354048.000000;58.386770;36.843559;2321;47.687500;39.812500;41.500000;3
2023.03.23 02:50:00;4947968.000000;61.932767;36.838218;2322;47.687500;39.812500;41.375000;3
2023.03.23 02:52:01;5980160.000000;46.120759;36.832261;2322;47.750000;39.812500;41.437500;3
2023.03.23 02:54:01;4186112.000000;49.703385;36.826920;2322;47.687500;39.750000;41.500000;3
2023.03.23 02:56:00;3973120.000000;50.372306;36.821579;2322;47.687500;39.750000;41.437500;3
2023.03.23 02:58:01;4448256.000000;59.285670;36.816340;2322;47.687500;39.750000;41.375000;3
2023.03.23 03:00:01;4108288.000000;67.195489;36.810999;2323;47.687500;39.750000;41.375000;3
2023.03.23 03:02:00;6107136.000000;50.236833;36.805042;2323;47.500000;39.750000;41.375000;3
2023.03.23 03:04:00;4456448.000000;27.692579;36.799701;2323;47.500000;39.750000;41.437500;3
2023.03.23 03:06:01;3846144.000000;66.553950;36.794360;2323;47.625000;39.687500;41.437500;3
2023.03.23 03:08:00;5750784.000000;68.047838;36.789121;2323;47.625000;39.687500;41.437500;3
2023.03.23 03:10:00;4235264.000000;69.609299;36.783780;2324;47.625000;39.687500;41.437500;3
2023.03.23 03:12:00;6266880.000000;42.874066;36.777823;2324;47.437500;39.687500;41.500000;3
2023.03.23 03:14:00;4186112.000000;46.065829;36.772482;2324;47.437500;39.687500;41.312500;3
2023.03.23 03:16:00;4784128.000000;53.327077;36.767141;2324;47.375000;39.687500;41.437500;3
2023.03.23 03:18:01;5623808.000000;76.947021;36.761902;2324;47.687500;39.687500;41.375000;3
2023.03.23 03:20:00;4108288.000000;43.719344;36.756561;2324;47.437500;39.687500;41.312500;3
2023.03.23 03:22:01;6131712.000000;53.276358;36.750604;2325;47.625000;39.687500;41.375000;3
2023.03.23 03:24:01;4599808.000000;48.164274;36.745263;2325;47.625000;39.687500;41.375000;3
2023.03.23 03:26:01;4956160.000000;67.205608;36.739922;2325;47.500000;39.687500;41.375000;3
2023.03.23 03:28:01;5615616.000000;61.613581;36.734683;2325;47.437500;39.687500;41.375000;3
2023.03.23 03:30:01;3923968.000000;56.136737;36.729342;2326;47.500000;39.625000;41.250000;3
2023.03.23 03:32:01;6258688.000000;64.076555;36.723385;2326;47.562500;39.625000;41.187500;3
2023.03.23 03:34:00;4481024.000000;46.257298;36.718044;2326;47.500000;39.625000;41.250000;3
2023.03.23 03:36:00;4100096.000000;36.150937;36.712703;2326;47.375000;39.625000;41.250000;3
2023.03.23 03:38:00;4583424.000000;42.031743;36.707464;2326;47.500000;39.625000;41.250000;3
2023.03.23 03:40:00;4227072.000000;62.813974;36.702123;2327;47.500000;39.625000;41.312500;3
2023.03.23 03:42:00;6131712.000000;43.978649;36.696166;2327;47.312500;39.625000;41.250000;3
2023.03.23 03:44:00;4481024.000000;43.257511;36.690825;2327;47.437500;39.625000;41.187500;3
2023.03.23 03:46:00;4177920.000000;56.818633;36.685484;2327;47.312500;39.625000;41.250000;3
2023.03.23 03:48:00;4870144.000000;48.651377;36.680245;2327;47.500000;39.625000;41.437500;3
2023.03.23 03:50:00;4423680.000000;47.936513;36.674904;2327;47.375000;39.687500;41.375000;3
2023.03.23 03:52:00;5361664.000000;32.365789;36.668947;2328;47.500000;39.687500;41.375000;3
2023.03.23 03:54:00;4448256.000000;41.794542;36.663606;2328;47.562500;39.687500;41.375000;3
2023.03.23 03:56:00;4067328.000000;43.336593;36.658265;2328;47.500000;39.687500;41.375000;3
2023.03.23 03:58:01;4726784.000000;67.946121;36.653026;2328;47.625000;39.687500;41.312500;3
2023.03.23 04:00:00;4345856.000000;47.019057;36.647685;2329;47.562500;39.750000;41.500000;3
2023.03.23 04:02:01;5107712.000000;77.030872;36.641728;2329;47.500000;39.750000;41.375000;3
2023.03.23 04:04:00;4280320.000000;51.433621;36.636387;2329;47.500000;39.750000;41.500000;3
2023.03.23 04:06:00;3821568.000000;49.979371;36.631046;2329;47.687500;39.750000;41.500000;3
2023.03.23 04:08:01;5869568.000000;49.719202;36.625807;2329;47.750000;39.750000;41.375000;3
2023.03.23 04:10:01;4702208.000000;65.644452;36.620466;2330;47.625000;39.750000;41.375000;3
2023.03.23 04:12:00;5529600.000000;61.363507;36.614509;2330;47.562500;39.687500;41.437500;3
2023.03.23 04:14:00;4734976.000000;56.594892;36.609168;2330;47.500000;39.687500;41.312500;3
2023.03.23 04:16:00;5345280.000000;42.454082;36.603827;2330;47.500000;39.687500;41.437500;3
2023.03.23 04:18:00;3788800.000000;49.576086;36.598588;2330;47.437500;39.687500;41.312500;3
2023.03.23 04:20:00;4100096.000000;50.409883;36.593247;2330;47.375000;39.625000;41.312500;3
2023.03.23 04:22:01;5836800.000000;65.980481;36.587290;2331;47.562500;39.625000;41.375000;3
2023.03.23 04:24:01;4227072.000000;60.956666;36.581949;2331;47.437500;39.625000;41.250000;3
2023.03.23 04:26:01;3694592.000000;62.341337;36.576608;2331;47.500000;39.562500;41.250000;3
2023.03.23 04:28:00;5701632.000000;47.160875;36.571369;2331;47.375000;39.562500;41.250000;3
2023.03.23 04:30:00;3948544.000000;42.256216;36.566028;2332;47.375000;39.562500;41.250000;3
2023.03.23 04:32:00;5361664.000000;58.662758;36.560071;2332;47.437500;39.562500;41.250000;3
2023.03.23 04:34:00;3964928.000000;52.991778;36.554730;2332;47.375000;39.562500;41.250000;3
2023.03.23 04:36:01;4345856.000000;68.265168;36.549389;2332;47.375000;39.500000;41.187500;3
2023.03.23 04:38:01;4923392.000000;48.658794;36.544150;2332;47.437500;39.500000;41.125000;3
2023.03.23 04:40:01;4440064.000000;49.782747;36.538809;2333;47.437500;39.500000;41.187500;3
2023.03.23 04:42:00;5242880.000000;61.536964;36.532852;2333;47.375000;39.500000;41.187500;3
2023.03.23 04:44:00;3719168.000000;51.926213;36.527511;2333;47.437500;39.500000;41.187500;3
2023.03.23 04:46:00;4575232.000000;66.505580;36.522170;2333;47.250000;39.500000;41.187500;3
2023.03.23 04:48:00;5345280.000000;59.587361;36.516931;2333;47.312500;39.500000;41.250000;3
2023.03.23 04:50:01;4980736.000000;63.541638;36.511590;2334;47.375000;39.500000;41.062500;3
2023.03.23 04:52:00;5877760.000000;58.726262;36.505633;2334;47.375000;39.500000;41.125000;3
2023.03.23 04:54:01;4227072.000000;52.461812;36.500292;2334;47.312500;39.500000;41.125000;3
2023.03.23 04:56:01;4575232.000000;66.935473;36.494951;2334;47.312500;39.500000;40.937500;3
2023.03.23 04:58:00;4321280.000000;54.616548;36.489712;2334;47.250000;39.500000;41.062500;3
2023.03.23 05:00:00;4849664.000000;38.428378;36.484371;2334;47.312500;39.437500;41.125000;3
2023.03.23 05:02:01;5599232.000000;56.024085;36.478414;2335;47.437500;39.500000;41.187500;3
2023.03.23 05:04:00;4091904.000000;39.201941;36.473073;2335;47.187500;39.437500;41.250000;3
2023.03.23 05:06:00;4472832.000000;72.971420;36.467732;2335;47.250000;39.500000;41.062500;3
2023.03.23 05:08:01;4235264.000000;36.846616;36.462493;2335;47.375000;39.437500;41.125000;3
2023.03.23 05:10:00;4743168.000000;50.586082;36.457152;2335;47.250000;39.437500;41.187500;3
2023.03.23 05:12:01;5869568.000000;66.752904;36.451195;2336;47.375000;39.437500;41.125000;3
2023.03.23 05:14:01;4345856.000000;57.416902;36.445854;2336;47.437500;39.437500;41.125000;3
2023.03.23 05:16:00;5980160.000000;61.123518;36.440513;2336;47.375000;39.437500;41.125000;3
2023.03.23 05:18:01;4329472.000000;57.951632;36.435274;2336;47.312500;39.437500;41.125000;3
2023.03.23 05:20:00;4083712.000000;50.557821;36.429933;2336;47.250000;39.437500;41.187500;3
2023.03.23 05:22:00;6107136.000000;47.546061;36.423976;2337;47.375000;39.500000;41.187500;3
2023.03.23 05:24:00;4354048.000000;63.048642;36.418635;2337;47.250000;39.500000;41.125000;3
2023.03.23 05:26:00;3948544.000000;46.780479;36.413294;2337;47.250000;39.500000;41.187500;3
2023.03.23 05:28:01;4616192.000000;68.730256;36.408055;2337;47.375000;39.500000;41.125000;3
2023.03.23 05:30:00;4202496.000000;65.051300;36.402714;2338;47.312500;39.500000;41.187500;3
2023.03.23 05:32:00;6004736.000000;36.543312;36.396757;2338;47.375000;39.562500;41.187500;3
2023.03.23 05:34:01;4354048.000000;63.043439;36.391416;2338;47.437500;39.500000;41.187500;3
2023.03.23 05:36:00;4677632.000000;35.808440;36.386075;2338;47.375000;39.562500;41.125000;3
2023.03.23 05:38:00;4321280.000000;49.322363;36.380836;2338;47.500000;39.562500;41.187500;3
2023.03.23 05:40:01;4091904.000000;56.212605;36.375495;2339;47.562500;39.562500;41.187500;3
2023.03.23 05:42:00;6090752.000000;54.630027;36.369538;2339;47.375000;39.562500;41.250000;3
2023.03.23 05:44:00;4354048.000000;49.960329;36.364197;2339;47.375000;39.562500;41.250000;3
2023.03.23 05:46:01;4829184.000000;48.970605;36.358856;2339;47.437500;39.562500;41.250000;3
2023.03.23 05:48:00;4481024.000000;50.000036;36.353617;2339;47.312500;39.562500;41.187500;3
2023.03.23 05:50:01;4067328.000000;46.822474;36.348276;2340;47.437500;39.562500;41.187500;3
2023.03.23 05:52:00;6217728.000000;44.043240;36.342319;2340;47.375000;39.562500;41.187500;3
2023.03.23 05:54:00;4608000.000000;41.664053;36.336978;2340;47.500000;39.562500;41.125000;3
2023.03.23 05:56:00;5337088.000000;46.812298;36.331637;2340;47.375000;39.562500;41.250000;3
2023.03.23 05:58:00;4616192.000000;51.058269;36.326398;2340;47.437500;39.562500;41.437500;3
2023.03.23 06:00:00;4075520.000000;63.691482;36.321057;2341;47.500000;39.562500;41.187500;3
2023.03.23 06:02:00;5971968.000000;71.473136;36.315100;2341;47.562500;39.562500;41.187500;3
2023.03.23 06:04:01;4567040.000000;59.396330;36.309759;2341;47.375000;39.562500;41.250000;3
2023.03.23 06:06:00;4956160.000000;67.354274;36.304417;2341;47.375000;39.562500;41.187500;3
2023.03.23 06:08:01;4608000.000000;53.195509;36.299179;2341;47.562500;39.562500;41.125000;3
2023.03.23 06:10:00;4202496.000000;38.276677;36.293838;2341;47.312500;39.562500;41.250000;3
2023.03.23 06:12:00;7528448.000000;41.385803;36.287881;2342;47.437500;39.562500;41.125000;3
2023.03.23 06:14:00;5844992.000000;47.565949;36.282540;2342;47.250000;39.562500;41.187500;3
2023.03.23 06:16:01;4694016.000000;61.548829;36.277198;2342;47.437500;39.562500;41.312500;3
2023.03.23 06:18:00;5758976.000000;54.747126;36.271960;2342;47.312500;39.562500;41.187500;3
2023.03.23 06:20:00;4362240.000000;46.057314;36.266619;2343;47.437500;39.625000;41.250000;3
2023.03.23 06:22:00;5632000.000000;42.746835;36.260662;2343;47.625000;39.625000;41.312500;3
2023.03.23 06:24:01;4079616.000000;64.851476;36.255321;2343;47.500000;39.687500;41.375000;3
2023.03.23 06:26:01;5615616.000000;48.932975;36.249979;2343;47.625000;39.687500;41.437500;3
2023.03.23 06:28:00;4218880.000000;48.367693;36.244741;2343;47.625000;39.750000;41.500000;3
2023.03.23 06:30:00;6139904.000000;48.955419;36.239400;2344;47.687500;39.812500;41.562500;3
2023.03.23 06:32:00;5632000.000000;59.857699;36.233443;2344;47.625000;39.875000;41.562500;3
2023.03.23 06:34:01;4235264.000000;69.589068;36.228102;2344;47.750000;39.875000;41.562500;3
2023.03.23 06:36:00;5472256.000000;47.298214;36.222760;2344;47.875000;39.937500;41.562500;3
2023.03.23 06:38:00;4100096.000000;56.579910;36.217522;2344;47.562500;39.937500;41.687500;3
2023.03.23 06:40:00;4861952.000000;68.196314;36.212181;2345;47.812500;39.937500;41.687500;3
2023.03.23 06:42:00;5996544.000000;38.197334;36.206224;2345;47.750000;40.000000;41.625000;3
2023.03.23 06:44:01;4362240.000000;61.404896;36.200883;2345;48.000000;40.000000;41.562500;3
2023.03.23 06:46:00;3854336.000000;38.203318;36.195541;2345;47.812500;40.000000;41.687500;3
2023.03.23 06:48:01;4608000.000000;48.122461;36.190303;2345;47.937500;40.000000;41.625000;3
2023.03.23 06:50:01;5083136.000000;55.601272;36.184962;2346;48.000000;40.062500;41.750000;3
2023.03.23 06:52:01;5877760.000000;75.254323;36.179005;2346;47.875000;40.062500;41.687500;3
2023.03.23 06:54:01;3956736.000000;49.256613;36.173663;2346;47.937500;40.125000;41.750000;3
2023.03.23 06:56:00;4481024.000000;68.580822;36.168322;2346;48.062500;40.125000;41.812500;3
2023.03.23 06:58:01;4194304.000000;59.161808;36.163084;2346;48.062500;40.187500;41.875000;3
2023.03.23 07:00:00;5234688.000000;68.088484;36.157743;2347;48.062500;40.187500;41.937500;3
2023.03.23 07:02:00;5582848.000000;52.680451;36.151786;2347;48.187500;40.250000;41.875000;3
2023.03.23 07:04:01;4734976.000000;46.453408;36.146444;2347;48.187500;40.250000;41.875000;3
2023.03.23 07:06:00;5599232.000000;50.457251;36.141103;2347;48.062500;40.312500;42.000000;3
2023.03.23 07:08:00;3854336.000000;47.437661;36.135865;2347;48.250000;40.312500;42.000000;3
2023.03.23 07:10:00;4710400.000000;50.736905;36.130524;2347;48.125000;40.375000;42.000000;3
2023.03.23 07:12:00;5623808.000000;59.191670;36.124567;2348;48.250000;40.437500;42.125000;3
2023.03.23 07:14:01;3805184.000000;50.934995;36.119225;2348;48.375000;40.437500;42.125000;3
2023.03.23 07:16:00;5709824.000000;51.124604;36.113884;2348;48.312500;40.500000;42.125000;3
2023.03.23 07:18:01;3940352.000000;48.774552;36.108646;2348;48.375000;40.562500;42.187500;3
2023.03.23 07:20:00;5844992.000000;46.370290;36.103305;2348;48.437500;40.625000;42.250000;3
2023.03.23 07:22:01;5877760.000000;53.069175;36.097348;2349;48.500000;40.625000;42.312500;3
2023.03.23 07:24:00;3940352.000000;58.726425;36.092006;2349;48.562500;40.687500;42.312500;3
2023.03.23 07:26:00;4677632.000000;39.643608;36.086665;2349;48.500000;40.750000;42.375000;3
2023.03.23 07:28:00;4210688.000000;60.048573;36.081427;2349;48.500000;40.750000;42.500000;3
2023.03.23 07:30:01;4628480.000000;68.664103;36.076086;2350;48.750000;40.812500;42.375000;3
2023.03.23 07:32:01;6639616.000000;60.319364;36.070129;2350;48.875000;40.875000;42.500000;3
2023.03.23 07:34:00;4608000.000000;42.592183;36.064787;2350;48.750000;40.937500;42.562500;3
2023.03.23 07:36:01;5488640.000000;70.992977;36.059446;2350;49.062500;41.062500;42.687500;3
2023.03.23 07:38:00;4599808.000000;48.796350;36.054208;2350;48.937500;41.125000;42.687500;3
2023.03.23 07:40:00;5488640.000000;55.646286;36.048867;2350;49.062500;41.187500;42.875000;3
2023.03.23 07:42:00;5742592.000000;52.545357;36.042909;2351;49.062500;41.312500;42.937500;3
2023.03.23 07:44:00;5582848.000000;45.536643;36.037568;2351;49.375000;41.437500;43.000000;3
2023.03.23 07:46:00;4263936.000000;42.432540;36.032227;2351;49.437500;41.562500;43.187500;3
2023.03.23 07:48:01;4235264.000000;65.903598;36.026989;2351;49.625000;41.625000;43.312500;3
2023.03.23 07:50:00;4780032.000000;61.637248;36.021648;2351;49.562500;41.750000;43.375000;3
2023.03.23 07:52:00;5877760.000000;61.033850;36.015690;2352;49.812500;41.875000;43.437500;3
2023.03.23 07:54:00;3846144.000000;36.989341;36.010349;2352;49.750000;41.937500;43.687500;3
2023.03.23 07:56:00;4575232.000000;41.409927;36.005008;2352;49.875000;42.062500;43.812500;3
2023.03.23 07:58:01;5337088.000000;58.473792;35.999770;2352;50.125000;42.187500;43.812500;3
2023.03.23 08:00:00;4661248.000000;54.239608;35.994429;2353;50.125000;42.250000;43.937500;3
2023.03.23 08:02:01;5758976.000000;67.745167;35.988471;2353;50.250000;42.375000;43.937500;3
2023.03.23 08:04:01;4448256.000000;59.216310;35.983130;2353;50.375000;42.437500;44.062500;3
2023.03.23 08:06:00;5074944.000000;62.908439;35.977789;2353;50.312500;42.500000;44.125000;3
2023.03.23 08:08:00;4542464.000000;53.720733;35.972551;2353;50.437500;42.562500;44.125000;3
2023.03.23 08:10:00;4075520.000000;56.496467;35.967210;2353;50.500000;42.625000;44.312500;3
2023.03.23 08:12:01;6479872.000000;45.875469;35.961252;2354;50.562500;42.687500;44.437500;3
2023.03.23 08:14:00;4890624.000000;53.503910;35.955911;2354;50.500000;42.687500;44.250000;3
2023.03.23 08:16:00;4481024.000000;54.397618;35.950570;2354;50.562500;42.750000;44.375000;3
2023.03.23 08:18:01;3932160.000000;49.072499;35.945332;2354;50.625000;42.812500;44.375000;3
2023.03.23 08:20:00;4694016.000000;68.245342;35.939991;2355;50.750000;42.812500;44.500000;3
2023.03.23 08:22:01;5345280.000000;35.161119;35.934033;2355;50.750000;42.875000;44.562500;3
2023.03.23 08:24:00;3973120.000000;46.294227;35.928692;2355;50.812500;42.875000;44.500000;3
2023.03.23 08:26:00;4390912.000000;45.105210;35.923351;2355;50.687500;42.875000;44.500000;3
2023.03.23 08:28:01;3854336.000000;48.010421;35.918113;2355;50.750000;42.937500;44.625000;3
2023.03.23 08:30:00;4456448.000000;45.303175;35.912772;2355;50.750000;42.937500;44.562500;3
2023.03.23 08:32:00;5599232.000000;53.197490;35.906814;2356;50.812500;42.937500;44.625000;3
2023.03.23 08:34:01;3796992.000000;48.273283;35.901473;2356;50.937500;42.937500;44.625000;3
2023.03.23 08:36:01;4202496.000000;50.870999;35.896132;2356;50.875000;42.937500;44.625000;3
2023.03.23 08:38:00;3710976.000000;47.907009;35.890894;2356;50.937500;42.937500;44.687500;3
2023.03.23 08:40:00;4440064.000000;43.636928;35.885553;2356;50.750000;42.937500;44.687500;3
2023.03.23 08:42:00;6725632.000000;74.073804;35.879595;2357;50.875000;42.937500;44.625000;3
2023.03.23 08:44:00;5066752.000000;49.776872;35.874254;2357;50.750000;42.937500;44.687500;3
2023.03.23 08:46:01;5496832.000000;67.965320;35.868913;2357;50.750000;42.937500;44.562500;3
2023.03.23 08:48:01;3846144.000000;67.490468;35.863675;2357;50.687500;42.875000;44.625000;3
2023.03.23 08:50:00;4567040.000000;48.533966;35.858334;2357;50.687500;42.875000;44.500000;3
2023.03.23 08:52:00;5758976.000000;34.856091;35.852376;2358;50.750000;42.875000;44.500000;3
2023.03.23 08:54:00;4100096.000000;67.526783;35.847035;2358;50.750000;42.812500;44.500000;3
2023.03.23 08:56:01;4575232.000000;54.033569;35.841694;2358;50.812500;42.812500;44.437500;3
2023.03.23 08:58:00;3973120.000000;51.532344;35.836456;2358;50.750000;42.812500;44.500000;3
2023.03.23 09:00:00;3686400.000000;63.134026;35.831115;2359;50.687500;42.812500;44.437500;3
2023.03.23 09:02:00;5615616.000000;49.851613;35.825157;2359;50.750000;42.812500;44.437500;3
2023.03.23 09:04:00;4075520.000000;56.791302;35.819816;2359;50.562500;42.750000;44.500000;3
2023.03.23 09:06:00;4616192.000000;39.308359;35.814475;2359;50.625000;42.750000;44.500000;3
2023.03.23 09:08:01;4100096.000000;70.768076;35.809237;2359;50.750000;42.750000;44.437500;3
2023.03.23 09:10:00;5234688.000000;40.071083;35.803896;2359;50.500000;42.750000;44.437500;3
2023.03.23 09:12:01;5750784.000000;57.578221;35.797527;2360;50.562500;42.750000;44.375000;3
2023.03.23 09:14:01;4194304.000000;58.234961;35.792597;2360;50.687500;42.687500;44.500000;3
2023.03.23 09:16:00;4734976.000000;59.690389;35.787256;2360;50.500000;42.687500;44.312500;3
2023.03.23 09:18:00;5304320.000000;39.953012;35.782018;2360;50.437500;42.687500;44.312500;3
2023.03.23 09:20:00;3964928.000000;52.529837;35.776677;2360;50.375000;42.625000;44.312500;3
2023.03.23 09:22:00;5750784.000000;52.222548;35.770719;2361;50.437500;42.562500;44.187500;3
2023.03.23 09:24:00;3973120.000000;48.324079;35.765378;2361;50.437500;42.500000;44.187500;3
2023.03.23 09:26:01;4861952.000000;60.567149;35.760037;2361;50.375000;42.437500;44.062500;3
2023.03.23 09:28:00;4448256.000000;47.088430;35.754799;2361;50.312500;42.437500;44.125000;3
2023.03.23 09:30:00;3964928.000000;49.825977;35.749458;2361;50.250000;42.375000;44.062500;3
2023.03.23 09:32:00;5582848.000000;46.351506;35.743500;2362;50.187500;42.375000;44.000000;3
2023.03.23 09:34:00;3932160.000000;45.851249;35.738159;2362;50.062500;42.375000;44.000000;3
2023.03.23 09:36:01;4583424.000000;43.502806;35.732818;2362;50.250000;42.375000;43.937500;3
2023.03.23 09:38:01;5242880.000000;69.649875;35.727580;2362;50.187500;42.375000;44.125000;3
2023.03.23 09:40:01;5947392.000000;63.196609;35.722239;2363;50.312500;42.375000;44.000000;3
2023.03.23 09:42:01;5844992.000000;51.638304;35.716281;2363;50.375000;42.375000;44.125000;3
2023.03.23 09:44:00;4194304.000000;71.173627;35.710940;2363;50.375000;42.375000;44.062500;3
2023.03.23 09:46:01;4702208.000000;53.222058;35.705599;2363;50.375000;42.375000;44.062500;3
2023.03.23 09:48:01;4337664.000000;52.088376;35.700361;2363;50.375000;42.437500;44.062500;3
2023.03.23 09:50:01;4034560.000000;57.287645;35.695020;2364;50.375000;42.437500;44.062500;3
2023.03.23 09:52:00;6098944.000000;46.900698;35.689062;2364;50.312500;42.500000;44.250000;3
2023.03.23 09:54:00;4423680.000000;48.948155;35.683721;2364;50.500000;42.562500;44.187500;3
2023.03.23 09:56:00;5099520.000000;50.711920;35.678380;2364;50.625000;42.562500;44.312500;3
2023.03.23 09:58:00;4440064.000000;48.910482;35.673142;2364;50.437500;42.625000;44.187500;3
2023.03.23 10:00:00;4083712.000000;50.779566;35.667801;2364;50.500000;42.687500;44.375000;3
2023.03.23 10:02:00;5099520.000000;37.112302;35.661843;2365;50.437500;42.687500;44.437500;3
2023.03.23 10:04:00;4550656.000000;39.144955;35.656502;2365;50.562500;42.750000;44.375000;3
2023.03.23 10:06:00;5091328.000000;43.302186;35.651161;2365;50.562500;42.750000;44.312500;3
2023.03.23 10:08:01;4534272.000000;55.117698;35.645923;2365;50.687500;42.750000;44.437500;3
2023.03.23 10:10:01;5312512.000000;54.419694;35.640582;2366;50.562500;42.687500;44.312500;3
2023.03.23 10:12:00;6115328.000000;52.231901;35.634624;2366;50.500000;42.687500;44.312500;3
2023.03.23 10:14:01;4464640.000000;63.583253;35.629283;2366;50.562500;42.562500;44.312500;3
2023.03.23 10:16:00;3956736.000000;49.117435;35.623942;2366;50.437500;42.562500;44.187500;3
2023.03.23 10:18:00;4431872.000000;67.926437;35.618704;2366;50.500000;42.500000;44.187500;3
2023.03.23 10:20:00;4075520.000000;64.638452;35.613363;2367;50.250000;42.437500;44.000000;3
2023.03.23 10:22:00;5947392.000000;46.348214;35.607405;2367;50.187500;42.375000;44.000000;3
2023.03.23 10:24:00;4464640.000000;55.479998;35.602064;2367;50.125000;42.250000;43.875000;3
2023.03.23 10:26:01;3923968.000000;64.091410;35.596723;2367;50.062500;42.250000;43.875000;3
2023.03.23 10:28:00;4321280.000000;53.432989;35.591485;2367;49.875000;42.125000;43.875000;3
2023.03.23 10:30:00;4075520.000000;57.751816;35.586144;2368;50.000000;42.062500;43.750000;3
2023.03.23 10:32:01;6242304.000000;43.539263;35.580186;2368;49.875000;42.000000;43.687500;3
2023.03.23 10:34:01;4558848.000000;64.680176;35.574845;2368;49.875000;41.937500;43.625000;3
2023.03.23 10:36:01;3948544.000000;47.651163;35.569504;2368;49.687500;41.875000;43.562500;3
2023.03.23 10:38:00;4583424.000000;57.434120;35.564266;2368;49.500000;41.750000;43.375000;3
2023.03.23 10:40:00;4337664.000000;47.465019;35.558925;2368;49.375000;41.625000;43.250000;3
2023.03.23 10:42:01;6234112.000000;63.670335;35.552967;2369;49.312500;41.437500;43.125000;3
2023.03.23 10:44:01;4583424.000000;41.297800;35.547626;2369;49.125000;41.312500;42.937500;3
2023.03.23 10:46:01;5185536.000000;46.033311;35.542285;2369;49.000000;41.187500;42.875000;3
2023.03.23 10:48:00;4575232.000000;69.400139;35.537047;2369;49.000000;41.062500;42.750000;3
2023.03.23 10:50:00;4440064.000000;49.567859;35.531706;2369;48.750000;40.937500;42.562500;3
2023.03.23 10:52:01;5066752.000000;62.254304;35.525748;2370;48.625000;40.812500;42.562500;3
2023.03.23 10:54:01;4702208.000000;54.704990;35.520407;2370;48.625000;40.750000;42.437500;3
2023.03.23 10:56:01;4194304.000000;57.431773;35.515066;2370;48.500000;40.687500;42.375000;3
2023.03.23 10:58:01;4710400.000000;69.391575;35.509828;2370;48.437500;40.625000;42.250000;3
2023.03.23 11:00:00;4354048.000000;52.153523;35.504487;2370;48.375000;40.562500;42.312500;3
2023.03.23 11:02:00;5971968.000000;46.325560;35.498529;2371;48.312500;40.562500;42.250000;3
2023.03.23 11:04:00;4337664.000000;47.565247;35.493188;2371;48.500000;40.562500;42.312500;3
2023.03.23 11:06:01;3948544.000000;70.648730;35.487847;2371;48.437500;40.625000;42.312500;3
2023.03.23 11:08:01;4550656.000000;48.987638;35.482609;2371;48.500000;40.625000;42.250000;3
2023.03.23 11:10:00;4202496.000000;46.124920;35.477267;2372;48.562500;40.687500;42.312500;3
2023.03.23 11:12:00;6336512.000000;47.369933;35.471310;2372;48.500000;40.750000;42.375000;3
2023.03.23 11:14:00;4558848.000000;69.649092;35.465969;2372;48.625000;40.750000;42.312500;3
2023.03.23 11:16:01;3932160.000000;48.871241;35.460628;2372;48.750000;40.812500;42.437500;3
2023.03.23 11:18:01;4583424.000000;61.419778;35.455390;2372;48.812500;40.875000;42.625000;3
2023.03.23 11:20:00;4272128.000000;48.507476;35.450048;2372;48.687500;40.937500;42.562500;3
2023.03.23 11:22:01;6369280.000000;49.473030;35.444091;2373;48.937500;41.000000;42.687500;3
2023.03.23 11:24:01;4337664.000000;40.877093;35.438750;2373;48.937500;41.125000;42.812500;3
2023.03.23 11:26:00;4116480.000000;52.100198;35.433409;2373;49.000000;41.187500;42.750000;3
2023.03.23 11:28:00;4718592.000000;38.142854;35.428171;2373;49.125000;41.312500;42.937500;3
2023.03.23 11:30:00;4337664.000000;62.161047;35.422829;2374;49.312500;41.437500;43.000000;3
2023.03.23 11:32:00;6115328.000000;47.513927;35.416872;2374;49.312500;41.562500;43.250000;3
2023.03.23 11:34:00;4718592.000000;49.295961;35.411531;2374;49.500000;41.687500;43.250000;3
2023.03.23 11:36:00;4120576.000000;43.401410;35.406190;2374;49.687500;41.812500;43.437500;3
2023.03.23 11:38:00;4812800.000000;55.543487;35.400952;2374;49.750000;41.937500;43.625000;3
2023.03.23 11:40:00;4677632.000000;49.455753;35.395610;2375;50.125000;42.125000;43.750000;3
2023.03.23 11:42:01;5185536.000000;67.223516;35.389653;2375;50.125000;42.250000;43.875000;3
2023.03.23 11:44:00;4702208.000000;34.071123;35.384312;2375;50.250000;42.375000;44.062500;3
2023.03.23 11:46:00;5177344.000000;56.670355;35.378971;2375;50.250000;42.500000;44.187500;3
2023.03.23 11:48:00;4710400.000000;54.009951;35.373733;2375;50.562500;42.625000;44.250000;3
2023.03.23 11:50:00;4329472.000000;63.382626;35.368289;2376;50.812500;42.812500;44.437500;3
2023.03.23 11:52:00;6193152.000000;44.422353;35.362331;2376;50.812500;42.937500;44.500000;3
2023.03.23 11:54:00;4661248.000000;61.886491;35.356990;2376;51.125000;43.062500;44.687500;3
2023.03.23 11:56:01;5328896.000000;72.207585;35.351649;2376;51.187500;43.187500;44.937500;3
2023.03.23 11:58:01;4534272.000000;50.639568;35.346411;2376;51.187500;43.250000;45.000000;3
2023.03.23 12:00:00;4415488.000000;41.726261;35.341070;2376;51.312500;43.312500;45.062500;3
2023.03.23 12:02:00;6225920.000000;54.020800;35.335112;2377;51.375000;43.437500;45.187500;3
2023.03.23 12:04:00;4861952.000000;52.283290;35.329771;2377;51.437500;43.562500;45.250000;3
2023.03.23 12:06:00;3813376.000000;54.633813;35.324430;2377;51.562500;43.625000;45.375000;3
2023.03.23 12:08:01;4448256.000000;62.996397;35.319192;2377;51.812500;43.750000;45.437500;3
2023.03.23 12:10:01;4456448.000000;50.897752;35.313851;2378;51.937500;43.937500;45.562500;3
2023.03.23 12:12:01;5853184.000000;65.085321;35.307893;2378;52.125000;44.062500;45.750000;3
2023.03.23 12:14:01;4169728.000000;38.987561;35.302552;2378;52.125000;44.187500;45.875000;3
2023.03.23 12:16:01;4575232.000000;48.663327;35.297211;2378;52.375000;44.312500;46.000000;3
2023.03.23 12:18:00;5464064.000000;36.010753;35.291973;2378;52.312500;44.437500;46.125000;3
2023.03.23 12:20:00;4734976.000000;51.535770;35.286632;2378;52.500000;44.625000;46.250000;3
2023.03.23 12:22:01;5591040.000000;47.936650;35.280674;2379;52.812500;44.750000;46.500000;3
2023.03.23 12:24:00;4161536.000000;48.147369;35.275333;2379;52.812500;44.875000;46.625000;3
2023.03.23 12:26:00;4702208.000000;68.050752;35.269992;2379;53.000000;45.000000;46.687500;3
2023.03.23 12:28:00;4304896.000000;50.750307;35.264754;2379;53.000000;45.062500;46.812500;3
2023.03.23 12:30:00;4947968.000000;68.066177;35.259413;2380;53.312500;45.187500;47.062500;3
2023.03.23 12:32:00;5787648.000000;49.915977;35.253455;2380;53.312500;45.312500;47.000000;3
2023.03.23 12:34:01;4329472.000000;42.596636;35.248114;2380;53.437500;45.375000;47.125000;3
2023.03.23 12:36:00;3821568.000000;50.822265;35.242773;2380;53.500000;45.500000;47.312500;3
2023.03.23 12:38:00;4161536.000000;50.954261;35.237535;2380;53.750000;45.625000;47.312500;3
2023.03.23 12:40:00;4796416.000000;51.096248;35.232194;2381;53.750000;45.687500;47.500000;3
2023.03.23 12:42:00;6860800.000000;46.797508;35.226236;2381;53.875000;45.750000;47.625000;3
2023.03.23 12:44:01;5169152.000000;68.583236;35.220895;2381;53.812500;45.812500;47.562500;3
2023.03.23 12:46:00;4653056.000000;44.181527;35.215554;2381;53.750000;45.812500;47.562500;3
2023.03.23 12:48:00;4415488.000000;50.985456;35.210316;2381;53.750000;45.812500;47.500000;3
2023.03.23 12:50:00;3756032.000000;49.011313;35.204975;2381;53.687500;45.750000;47.500000;3
2023.03.23 12:52:00;6987776.000000;46.044865;35.199017;2382;53.562500;45.687500;47.437500;3
2023.03.23 12:54:01;5210112.000000;61.770287;35.193676;2382;53.750000;45.687500;47.375000;3
2023.03.23 12:56:00;4608000.000000;59.454540;35.188335;2382;53.562500;45.687500;47.562500;3
2023.03.23 12:58:00;4136960.000000;48.220351;35.183097;2382;53.687500;45.687500;47.437500;3
2023.03.23 13:00:00;3915776.000000;67.118754;35.177756;2383;53.750000;45.687500;47.562500;3
2023.03.23 13:02:00;5591040.000000;50.108086;35.171798;2383;53.625000;45.750000;47.437500;3
2023.03.23 13:04:00;3940352.000000;37.368723;35.166457;2383;53.562500;45.687500;47.562500;3
2023.03.23 13:06:01;4829184.000000;71.757362;35.161116;2383;53.687500;45.750000;47.500000;3
2023.03.23 13:08:01;4067328.000000;73.768869;35.155878;2383;53.812500;45.750000;47.562500;3
2023.03.23 13:10:00;4923392.000000;58.168429;35.150537;2384;53.875000;45.812500;47.687500;3
2023.03.23 13:12:00;5828608.000000;52.912132;35.144579;2384;53.812500;45.937500;47.750000;3
2023.03.23 13:14:01;4280320.000000;56.293466;35.139238;2384;54.062500;45.937500;47.750000;3
2023.03.23 13:16:00;4628480.000000;60.965384;35.133897;2384;54.062500;46.062500;47.812500;3
2023.03.23 13:18:01;4112384.000000;44.568228;35.128659;2384;54.125000;46.125000;47.875000;3
2023.03.23 13:20:00;4018176.000000;44.646981;35.123318;2384;54.187500;46.187500;48.000000;3
2023.03.23 13:22:01;6074368.000000;59.290871;35.117360;2385;54.437500;46.312500;48.062500;3
2023.03.23 13:24:00;4169728.000000;35.745260;35.112019;2385;54.312500;46.375000;48.187500;3
2023.03.23 13:26:00;5115904.000000;63.864971;35.106678;2385;54.312500;46.375000;48.187500;3
2023.03.23 13:28:01;5431296.000000;60.987826;35.101440;2385;54.500000;46.437500;48.125000;3
2023.03.23 13:30:00;3940352.000000;46.203261;35.096099;2385;54.250000;46.375000;48.125000;3
2023.03.23 13:32:01;5931008.000000;70.340287;35.090141;2386;54.375000;46.375000;48.125000;3
2023.03.23 13:34:00;4153344.000000;54.063034;35.084800;2386;54.250000;46.375000;48.062500;3
2023.03.23 13:36:01;6025216.000000;51.599835;35.079459;2386;54.375000;46.375000;48.125000;3
2023.03.23 13:38:01;4440064.000000;74.041158;35.074221;2386;54.500000;46.375000;48.062500;3
2023.03.23 13:40:00;3940352.000000;42.733217;35.068880;2386;54.250000;46.375000;48.125000;3
2023.03.23 13:42:01;6225920.000000;55.901342;35.062922;2387;54.375000;46.375000;48.187500;3
2023.03.23 13:44:01;4288512.000000;63.825143;35.057581;2387;54.437500;46.375000;48.062500;3
2023.03.23 13:46:01;4820992.000000;61.344829;35.052240;2387;54.375000;46.437500;48.187500;3
2023.03.23 13:48:00;5701632.000000;40.322829;35.047002;2387;54.312500;46.437500;48.125000;3
2023.03.23 13:50:00;4431872.000000;64.097198;35.041661;2388;54.500000;46.437500;48.250000;3
2023.03.23 13:52:00;5668864.000000;52.845292;35.035703;2388;54.375000;46.437500;48.187500;3
2023.03.23 13:54:00;4186112.000000;62.543581;35.030362;2388;54.500000;46.437500;48.187500;3
2023.03.23 13:56:00;4853760.000000;44.860545;35.025021;2388;54.250000;46.437500;48.187500;3
2023.03.23 13:58:00;4575232.000000;66.828004;35.019783;2388;54.500000;46.437500;48.187500;3
2023.03.23 14:00:00;3932160.000000;56.985509;35.014441;2388;54.375000;46.437500;48.125000;3
2023.03.23 14:02:01;6057984.000000;51.643798;35.008484;2389;54.437500;46.437500;48.250000;3
2023.03.23 14:04:00;4313088.000000;45.401747;35.003143;2389;54.375000;46.375000;48.062500;3
2023.03.23 14:06:01;4796416.000000;47.853503;34.997802;2389;54.375000;46.375000;48.187500;3
2023.03.23 14:08:00;4280320.000000;37.110480;34.992564;2389;54.437500;46.375000;48.062500;3
2023.03.23 14:10:00;3915776.000000;63.533141;34.987222;2390;54.375000;46.375000;48.187500;3
2023.03.23 14:12:00;6217728.000000;38.957360;34.981265;2390;54.375000;46.375000;48.187500;3
2023.03.23 14:14:01;4382720.000000;40.885901;34.975924;2390;54.437500;46.375000;48.125000;3
2023.03.23 14:16:00;5083136.000000;50.520915;34.970172;2390;54.375000;46.437500;48.125000;3
2023.03.23 14:18:01;4280320.000000;51.214188;34.965345;2390;54.437500;46.375000;48.125000;3
2023.03.23 14:20:01;4034560.000000;66.053747;34.960003;2391;54.375000;46.375000;48.125000;3
2023.03.23 14:22:00;6184960.000000;44.439661;34.954046;2391;54.375000;46.375000;48.125000;3
2023.03.23 14:24:00;4440064.000000;46.599861;34.948705;2391;54.312500;46.312500;48.125000;3
2023.03.23 14:26:01;5201920.000000;65.616606;34.943364;2391;54.312500;46.312500;48.000000;3
2023.03.23 14:28:00;4567040.000000;55.378302;34.938126;2391;54.312500;46.312500;48.062500;3
2023.03.23 14:30:00;5423104.000000;38.402908;34.932784;2391;54.125000;46.250000;48.062500;3
2023.03.23 14:32:00;5931008.000000;34.032331;34.926827;2392;54.187500;46.250000;48.062500;3
2023.03.23 14:34:00;4161536.000000;44.054979;34.921486;2392;54.187500;46.250000;48.000000;3
2023.03.23 14:36:00;4694016.000000;55.184228;34.916145;2392;54.187500;46.250000;48.000000;3
2023.03.23 14:38:00;4288512.000000;51.180594;34.910907;2392;54.375000;46.250000;48.000000;3
2023.03.23 14:40:00;3780608.000000;67.314553;34.905565;2393;54.312500;46.250000;48.000000;3
2023.03.23 14:42:00;6352896.000000;53.549144;34.899608;2393;54.500000;46.312500;48.062500;3
2023.03.23 14:44:00;4280320.000000;65.148389;34.894267;2393;54.250000;46.312500;48.062500;3
2023.03.23 14:46:00;3715072.000000;44.780081;34.888926;2393;54.125000;46.312500;48.000000;3
2023.03.23 14:48:01;5677056.000000;42.467225;34.883687;2393;54.437500;46.312500;48.187500;3
2023.03.23 14:50:00;4059136.000000;50.591144;34.878346;2394;54.375000;46.375000;48.187500;3
2023.03.23 14:52:01;6217728.000000;63.615189;34.872389;2394;54.437500;46.375000;48.187500;3
2023.03.23 14:54:00;4366336.000000;51.621545;34.867048;2394;54.250000;46.375000;48.000000;3
2023.03.23 14:56:00;4153344.000000;49.953649;34.861707;2394;54.375000;46.312500;48.062500;3
2023.03.23 14:58:01;4661248.000000;55.411253;34.856468;2394;54.500000;46.312500;48.062500;3
2023.03.23 15:00:00;4669440.000000;49.017888;34.851127;2395;54.312500;46.250000;47.937500;3
2023.03.23 15:02:00;6336512.000000;72.336780;34.845170;2395;54.187500;46.250000;48.000000;3
2023.03.23 15:04:01;4558848.000000;65.856329;34.839829;2395;54.312500;46.250000;48.000000;3
2023.03.23 15:06:01;5455872.000000;60.272680;34.834488;2395;54.375000;46.312500;48.000000;3
2023.03.23 15:08:00;4575232.000000;72.176171;34.829249;2395;54.437500;46.312500;48.125000;3
2023.03.23 15:10:00;4169728.000000;57.112899;34.823908;2395;54.375000;46.375000;48.125000;3
2023.03.23 15:12:01;6193152.000000;59.603575;34.817951;2396;54.437500;46.375000;48.125000;3
2023.03.23 15:14:00;4653056.000000;62.694197;34.812610;2396;54.312500;46.437500;48.187500;3
2023.03.23 15:16:00;3899392.000000;54.708447;34.807269;2396;54.375000;46.437500;48.187500;3
2023.03.23 15:18:00;4440064.000000;46.041492;34.802030;2396;54.437500;46.500000;48.187500;3
2023.03.23 15:20:01;4440064.000000;66.287243;34.796689;2397;54.500000;46.500000;48.250000;3
2023.03.23 15:22:01;4939776.000000;58.281082;34.790732;2397;54.500000;46.500000;48.250000;3
2023.03.23 15:24:00;5406720.000000;75.297096;34.785391;2397;54.562500;46.500000;48.250000;3
2023.03.23 15:26:01;3813376.000000;59.192092;34.780050;2397;54.437500;46.500000;48.250000;3
2023.03.23 15:28:01;4567040.000000;54.103824;34.774811;2397;54.625000;46.500000;48.250000;3
2023.03.23 15:30:00;4255744.000000;53.321921;34.769470;2397;54.437500;46.500000;48.125000;3
2023.03.23 15:32:01;6082560.000000;54.556059;34.763513;2398;54.687500;46.562500;48.312500;3
2023.03.23 15:34:00;4694016.000000;48.272439;34.758172;2398;54.562500;46.625000;48.375000;3
2023.03.23 15:36:00;3907584.000000;66.664922;34.752831;2398;54.687500;46.625000;48.375000;3
2023.03.23 15:38:00;5931008.000000;48.499200;34.747592;2398;54.562500;46.687500;48.375000;3
2023.03.23 15:40:00;4026368.000000;50.118214;34.742251;2398;54.750000;46.750000;48.500000;3
2023.03.23 15:42:01;6344704.000000;59.263132;34.736294;2399;54.875000;46.812500;48.687500;3
2023.03.23 15:44:01;4448256.000000;41.742175;34.730953;2399;54.875000;46.875000;48.625000;3
2023.03.23 15:46:01;5169152.000000;63.847018;34.725612;2399;55.062500;46.937500;48.687500;3
2023.03.23 15:48:00;4829184.000000;46.914806;34.720373;2399;55.062500;47.062500;48.750000;3
2023.03.23 15:50:00;4313088.000000;50.540349;34.715032;2399;55.000000;47.062500;48.875000;3
2023.03.23 15:52:01;5558272.000000;72.279219;34.708664;2400;55.062500;47.125000;48.937500;3
2023.03.23 15:54:00;4194304.000000;49.059272;34.703734;2400;55.125000;47.125000;48.875000;3
2023.03.23 15:56:00;4390912.000000;50.204525;34.698393;2400;55.125000;47.125000;48.812500;3
2023.03.23 15:58:00;3932160.000000;43.415546;34.693154;2400;55.250000;47.125000;48.937500;3
2023.03.23 16:00:01;4517888.000000;52.478531;34.687813;2401;55.250000;47.125000;48.875000;3
2023.03.23 16:02:00;5320704.000000;36.893168;34.681856;2401;55.125000;47.125000;48.812500;3
2023.03.23 16:04:01;3772416.000000;46.643746;34.676515;2401;55.062500;47.062500;48.937500;3
2023.03.23 16:06:00;4349952.000000;39.402166;34.671174;2401;54.937500;47.062500;48.812500;3
2023.03.23 16:08:01;4636672.000000;46.185785;34.665935;2401;55.000000;47.000000;48.750000;3
2023.03.23 16:10:00;4575232.000000;35.783852;34.660594;2402;54.875000;46.937500;48.687500;3
2023.03.23 16:12:00;5591040.000000;55.779880;34.654637;2402;54.812500;46.937500;48.625000;3
2023.03.23 16:14:00;3805184.000000;45.116170;34.649296;2402;54.750000;46.875000;48.625000;3
2023.03.23 16:16:00;4567040.000000;35.611097;34.643955;2402;54.687500;46.812500;48.500000;3
2023.03.23 16:18:00;4067328.000000;41.168519;34.638716;2402;54.750000;46.750000;48.500000;3
2023.03.23 16:20:00;4947968.000000;64.073439;34.633375;2403;54.875000;46.750000;48.562500;3
2023.03.23 16:22:01;5701632.000000;66.680734;34.627418;2403;54.750000;46.687500;48.437500;3
2023.03.23 16:24:01;4059136.000000;70.965589;34.622077;2403;54.687500;46.625000;48.437500;3
2023.03.23 16:26:00;4788224.000000;72.762251;34.616736;2403;54.625000;46.625000;48.375000;3
2023.03.23 16:28:00;5390336.000000;42.325438;34.611497;2403;54.375000;46.562500;48.250000;3
2023.03.23 16:30:00;3932160.000000;52.471604;34.606156;2403;54.437500;46.500000;48.375000;3
2023.03.23 16:32:00;5931008.000000;50.064607;34.600199;2404;54.500000;46.500000;48.375000;3
2023.03.23 16:34:00;3923968.000000;56.283210;34.594858;2404;54.437500;46.500000;48.312500;3
2023.03.23 16:36:00;4812800.000000;40.887792;34.589517;2404;54.375000;46.437500;48.187500;3
2023.03.23 16:38:00;4419584.000000;64.028921;34.584278;2404;54.312500;46.375000;48.187500;3
2023.03.23 16:40:00;3907584.000000;43.299513;34.578937;2404;54.187500;46.375000;48.125000;3
2023.03.23 16:42:01;6303744.000000;67.089490;34.572980;2405;54.312500;46.312500;48.062500;3
2023.03.23 16:44:00;4694016.000000;59.413063;34.567639;2405;54.250000;46.312500;48.125000;3
2023.03.23 16:46:00;4034560.000000;42.991782;34.562298;2405;54.312500;46.250000;48.125000;3
2023.03.23 16:48:01;4423680.000000;49.857826;34.557059;2405;54.187500;46.250000;48.000000;3
2023.03.23 16:50:00;4407296.000000;70.251147;34.551718;2406;54.250000;46.187500;48.000000;3
2023.03.23 16:52:01;6201344.000000;64.064650;34.545761;2406;54.250000;46.125000;47.812500;3
2023.03.23 16:54:01;4685824.000000;49.797738;34.540420;2406;54.125000;46.125000;47.875000;3
2023.03.23 16:56:01;4169728.000000;61.363300;34.535079;2406;54.062500;46.062500;47.750000;3
2023.03.23 16:58:01;4677632.000000;68.178141;34.529840;2406;53.937500;46.000000;47.875000;3
2023.03.23 17:00:00;4272128.000000;57.347452;34.524499;2407;53.875000;46.000000;47.750000;3
2023.03.23 17:02:00;5963776.000000;42.810325;34.518542;2407;53.937500;45.937500;47.750000;3
2023.03.23 17:04:01;4431872.000000;58.786813;34.513201;2407;53.937500;45.875000;47.625000;3
2023.03.23 17:06:00;4939776.000000;41.593377;34.507860;2407;53.750000;45.875000;47.687500;3
2023.03.23 17:08:00;5701632.000000;40.521542;34.502621;2407;53.750000;45.812500;47.562500;3
2023.03.23 17:10:00;4042752.000000;67.548250;34.497280;2408;53.687500;45.750000;47.562500;3
2023.03.23 17:12:00;6074368.000000;48.632890;34.491323;2408;53.812500;45.750000;47.500000;3
2023.03.23 17:14:00;4431872.000000;57.336230;34.485982;2408;53.625000;45.687500;47.500000;3
2023.03.23 17:16:01;5042176.000000;55.248178;34.480641;2408;53.750000;45.625000;47.375000;3
2023.03.23 17:18:01;4304896.000000;57.527211;34.475402;2408;53.750000;45.625000;47.312500;3
2023.03.23 17:20:00;4042752.000000;55.555932;34.470061;2408;53.500000;45.562500;47.312500;3
2023.03.23 17:22:00;6590464.000000;40.735948;34.464104;2409;53.625000;45.562500;47.375000;3
2023.03.23 17:24:00;5193728.000000;61.755934;34.458763;2409;53.562500;45.500000;47.375000;3
2023.03.23 17:26:00;5677056.000000;54.824417;34.453422;2409;53.375000;45.500000;47.312500;3
2023.03.23 17:28:00;3964928.000000;46.226125;34.448183;2409;53.312500;45.437500;47.250000;3
2023.03.23 17:30:00;4661248.000000;36.719777;34.442842;2409;53.250000;45.437500;47.187500;3
2023.03.23 17:32:01;5296128.000000;71.233423;34.436885;2410;53.312500;45.437500;47.187500;3
2023.03.23 17:34:01;5779456.000000;53.603731;34.431544;2410;53.437500;45.375000;47.062500;3
2023.03.23 17:36:01;4313088.000000;70.252645;34.426203;2410;53.437500;45.375000;47.125000;3
2023.03.23 17:38:00;3899392.000000;62.355025;34.420964;2410;53.312500;45.312500;47.125000;3
2023.03.23 17:40:00;4534272.000000;48.927416;34.415623;2411;53.312500;45.250000;47.125000;3
2023.03.23 17:42:00;6381568.000000;44.450501;34.409666;2411;53.062500;45.250000;47.000000;3
2023.03.23 17:44:00;4653056.000000;41.094614;34.404325;2411;53.062500;45.187500;47.000000;3
2023.03.23 17:46:00;5312512.000000;36.777520;34.398984;2411;53.000000;45.187500;46.937500;3
2023.03.23 17:48:00;5574656.000000;41.347211;34.393745;2411;52.937500;45.125000;46.937500;3
2023.03.23 17:50:00;4304896.000000;48.177945;34.388404;2411;52.937500;45.062500;46.812500;3
2023.03.23 17:52:00;6295552.000000;53.104231;34.382447;2412;52.812500;45.062500;46.812500;3
2023.03.23 17:54:00;4374528.000000;45.865874;34.377106;2412;52.937500;45.000000;46.750000;3
2023.03.23 17:56:00;4177920.000000;40.940612;34.371765;2412;52.937500;45.000000;46.812500;3
2023.03.23 17:58:01;3899392.000000;51.523978;34.366526;2412;52.937500;44.937500;46.750000;3
2023.03.23 18:00:01;5652480.000000;56.009586;34.361185;2413;52.875000;44.937500;46.625000;3
2023.03.23 18:02:00;5795840.000000;50.690717;34.355228;2413;52.875000;44.875000;46.750000;3
2023.03.23 18:04:00;3756032.000000;45.886077;34.349887;2413;52.812500;44.875000;46.625000;3
2023.03.23 18:06:00;4423680.000000;59.376066;34.344546;2413;52.812500;44.812500;46.562500;3
2023.03.23 18:08:00;4177920.000000;50.528487;34.339307;2413;52.812500;44.812500;46.500000;3
2023.03.23 18:10:00;5074944.000000;52.235799;34.333966;2414;52.687500;44.812500;46.500000;3
2023.03.23 18:12:00;5922816.000000;48.462773;34.328009;2414;52.625000;44.812500;46.437500;3
2023.03.23 18:14:01;3923968.000000;46.212275;34.322668;2414;52.750000;44.750000;46.562500;3
2023.03.23 18:16:00;4685824.000000;56.729565;34.317326;2414;52.562500;44.750000;46.437500;3
2023.03.23 18:18:01;4042752.000000;51.226420;34.312088;2414;52.625000;44.750000;46.500000;3
2023.03.23 18:20:01;8798208.000000;56.033172;34.306747;2415;52.750000;44.687500;46.437500;3
2023.03.23 18:22:01;10440704.000000;63.436290;34.300790;2415;52.687500;44.687500;46.437500;3
2023.03.23 18:24:01;9179136.000000;46.720772;34.295449;2415;52.750000;44.687500;46.437500;3
2023.03.23 18:26:00;9400320.000000;37.399058;34.290107;2415;52.562500;44.687500;46.375000;3
2023.03.23 18:28:00;8163328.000000;51.565797;34.284869;2415;52.500000;44.687500;46.375000;3
2023.03.23 18:30:00;8192000.000000;49.508604;34.279528;2415;52.562500;44.687500;46.375000;3
2023.03.23 18:32:01;10289152.000000;54.529862;34.273571;2416;52.687500;44.625000;46.375000;3
2023.03.23 18:34:01;8679424.000000;57.303382;34.268230;2416;52.625000;44.625000;46.312500;3
2023.03.23 18:36:00;8044544.000000;59.975163;34.262888;2416;52.500000;44.562500;46.375000;3
2023.03.23 18:38:00;8511488.000000;68.098152;34.257650;2416;52.625000;44.562500;46.312500;3
2023.03.23 18:40:00;8196096.000000;51.146243;34.252309;2416;52.437500;44.500000;46.312500;3
2023.03.23 18:42:01;10035200.000000;59.318941;34.246352;2417;52.375000;44.437500;46.250000;3
2023.03.23 18:44:01;8265728.000000;60.772567;34.240600;2417;52.312500;44.375000;46.187500;3
2023.03.23 18:46:00;9027584.000000;49.060367;34.235669;2417;52.187500;44.312500;46.062500;3
2023.03.23 18:48:01;8290304.000000;68.130341;34.230431;2417;52.250000;44.250000;46.000000;3
2023.03.23 18:50:00;8925184.000000;54.992939;34.225090;2417;52.000000;44.187500;46.000000;3
2023.03.23 18:52:00;10018816.000000;38.797627;34.219133;2418;52.000000;44.125000;45.937500;3
2023.03.23 18:54:00;8171520.000000;38.389634;34.213792;2418;51.937500;44.062500;45.812500;3
2023.03.23 18:56:00;8511488.000000;44.285426;34.208450;2418;51.875000;44.000000;45.750000;3
2023.03.23 18:58:00;7979008.000000;56.833897;34.203212;2418;51.750000;43.937500;45.625000;3
2023.03.23 19:00:01;9900032.000000;58.177882;34.197871;2419;51.937500;43.937500;45.625000;3
2023.03.23 19:02:00;9654272.000000;45.381141;34.191914;2419;51.750000;43.875000;45.625000;3
2023.03.23 19:04:00;8028160.000000;43.879250;34.186572;2419;51.625000;43.812500;45.500000;3
2023.03.23 19:06:00;8011776.000000;59.587243;34.181231;2419;51.562500;43.750000;45.437500;3
2023.03.23 19:08:00;8781824.000000;56.678163;34.175993;2419;51.625000;43.687500;45.375000;3
2023.03.23 19:10:01;8298496.000000;62.674793;34.170652;2420;51.625000;43.625000;45.375000;3
2023.03.23 19:12:00;11345920.000000;51.268684;34.164695;2420;51.500000;43.625000;45.250000;3
2023.03.23 19:14:01;9560064.000000;70.906133;34.159353;2420;51.625000;43.562500;45.187500;3
2023.03.23 19:16:00;8798208.000000;51.583840;34.154012;2420;51.500000;43.500000;45.125000;3
2023.03.23 19:18:01;8400896.000000;67.802931;34.148774;2420;51.375000;43.437500;45.125000;3
2023.03.23 19:20:00;7995392.000000;40.227618;34.143433;2420;51.250000;43.375000;45.125000;3
2023.03.23 19:22:01;9646080.000000;73.029654;34.137476;2421;51.375000;43.312500;45.000000;3
2023.03.23 19:24:01;7909376.000000;54.398157;34.132134;2421;51.250000;43.250000;44.875000;3
2023.03.23 19:26:00;8417280.000000;47.082474;34.126793;2421;50.875000;43.187500;44.875000;3
2023.03.23 19:28:00;9179136.000000;69.365950;34.121555;2421;51.187500;43.187500;44.812500;3
2023.03.23 19:30:00;8671232.000000;44.958634;34.116214;2421;51.000000;43.125000;44.812500;3
2023.03.23 19:32:00;10289152.000000;68.279501;34.110257;2422;51.125000;43.062500;44.750000;3
2023.03.23 19:34:01;8679424.000000;67.029013;34.104915;2422;50.812500;43.000000;44.625000;3
2023.03.23 19:36:00;9179136.000000;51.401765;34.099574;2422;50.812500;43.000000;44.750000;3
2023.03.23 19:38:00;9654272.000000;53.087038;34.094336;2422;50.875000;42.937500;44.625000;3
2023.03.23 19:40:00;8290304.000000;45.369215;34.088995;2422;50.750000;42.937500;44.625000;3
2023.03.23 19:42:00;9797632.000000;48.512450;34.083038;2423;50.750000;42.875000;44.562500;3
2023.03.23 19:44:01;8400896.000000;59.167880;34.077696;2423;50.750000;42.875000;44.500000;3
2023.03.23 19:46:00;9773056.000000;53.239318;34.072355;2423;50.625000;42.812500;44.500000;3
2023.03.23 19:48:00;8290304.000000;47.637314;34.067117;2423;50.687500;42.812500;44.375000;3
2023.03.23 19:50:00;9019392.000000;49.491465;34.061776;2424;50.687500;42.812500;44.500000;3
2023.03.23 19:52:00;10145792.000000;47.202429;34.055819;2424;50.625000;42.812500;44.500000;3
2023.03.23 19:54:01;8544256.000000;74.521393;34.050477;2424;50.750000;42.812500;44.437500;3
2023.03.23 19:56:01;8765440.000000;37.621307;34.045136;2424;50.750000;42.812500;44.437500;3
2023.03.23 19:58:00;8171520.000000;43.612026;34.039898;2424;50.625000;42.812500;44.500000;3
2023.03.23 20:00:00;8916992.000000;65.626962;34.034557;2425;50.750000;42.812500;44.437500;3
2023.03.23 20:02:01;10280960.000000;51.005435;34.028599;2425;50.812500;42.812500;44.375000;3
2023.03.23 20:04:00;8663040.000000;52.356512;34.023258;2425;50.562500;42.750000;44.375000;3
2023.03.23 20:06:00;8376320.000000;47.109727;34.017917;2425;50.562500;42.750000;44.562500;3
2023.03.23 20:08:01;8638464.000000;52.694838;34.012679;2425;50.687500;42.750000;44.437500;3
2023.03.23 20:10:00;8884224.000000;66.090482;34.007338;2426;50.625000;42.750000;44.437500;3
2023.03.23 20:12:00;11067392.000000;53.301049;34.001380;2426;50.625000;42.750000;44.312500;3
2023.03.23 20:14:01;9543680.000000;46.088412;33.996039;2426;50.625000;42.750000;44.437500;3
2023.03.23 20:16:00;8544256.000000;55.355807;33.990698;2426;50.500000;42.687500;44.375000;3
2023.03.23 20:18:00;8806400.000000;67.911077;33.985460;2426;50.562500;42.687500;44.312500;3
2023.03.23 20:20:01;8892416.000000;62.504433;33.980119;2427;50.625000;42.687500;44.375000;3
2023.03.23 20:22:00;10829824.000000;37.994753;33.974161;2427;50.625000;42.687500;44.375000;3
2023.03.23 20:24:00;9265152.000000;77.100436;33.968820;2427;50.625000;42.625000;44.250000;3
2023.03.23 20:26:01;9433088.000000;68.056418;33.963479;2427;50.562500;42.625000;44.250000;3
2023.03.23 20:28:00;7917568.000000;37.460857;33.958241;2427;50.500000;42.625000;44.250000;3
2023.03.23 20:30:00;8806400.000000;57.741988;33.952900;2428;50.625000;42.625000;44.312500;3
2023.03.23 20:32:00;10457088.000000;38.958847;33.946942;2428;50.500000;42.625000;44.250000;3
2023.03.23 20:34:01;8671232.000000;50.592078;33.941601;2428;50.437500;42.625000;44.250000;3
2023.03.23 20:36:01;8290304.000000;55.971152;33.936260;2428;50.500000;42.625000;44.312500;3
2023.03.23 20:38:00;8925184.000000;55.533794;33.931022;2428;50.562500;42.625000;44.312500;3
2023.03.23 20:40:00;9433088.000000;72.087768;33.925681;2429;50.562500;42.625000;44.312500;3
2023.03.23 20:42:00;10346496.000000;47.025721;33.919723;2429;50.375000;42.625000;44.187500;3
2023.03.23 20:44:00;8757248.000000;50.402633;33.914382;2429;50.437500;42.562500;44.250000;3
2023.03.23 20:46:00;8003584.000000;44.126573;33.909041;2429;50.312500;42.562500;44.187500;3
2023.03.23 20:48:00;8630272.000000;63.902372;33.903803;2429;50.250000;42.500000;44.187500;3
2023.03.23 20:50:00;9551872.000000;63.846863;33.898462;2430;50.375000;42.500000;44.187500;3
2023.03.23 20:52:00;10194944.000000;45.856136;33.892504;2430;50.375000;42.500000;44.125000;3
2023.03.23 20:54:01;8384512.000000;38.004616;33.887163;2430;50.437500;42.437500;44.250000;3
2023.03.23 20:56:00;10186752.000000;48.313858;33.881822;2430;50.250000;42.437500;44.062500;3
2023.03.23 20:58:00;8290304.000000;50.558332;33.876584;2430;50.312500;42.437500;43.937500;3
2023.03.23 21:00:01;8003584.000000;71.641157;33.871243;2431;50.312500;42.375000;44.062500;3
2023.03.23 21:02:00;9367552.000000;48.946793;33.865285;2431;50.250000;42.375000;44.062500;3
2023.03.23 21:04:01;8798208.000000;51.145934;33.859944;2431;50.250000;42.312500;43.937500;3
2023.03.23 21:06:00;8376320.000000;49.070027;33.854603;2431;50.312500;42.312500;43.875000;3
2023.03.23 21:08:01;8884224.000000;67.692557;33.849365;2431;50.125000;42.250000;44.000000;3
2023.03.23 21:10:00;8671232.000000;42.401657;33.844024;2431;50.062500;42.250000;43.875000;3
2023.03.23 21:12:01;9940992.000000;51.754763;33.838066;2432;50.187500;42.250000;43.875000;3
2023.03.23 21:14:00;8249344.000000;40.997000;33.832725;2432;50.062500;42.187500;43.750000;3
2023.03.23 21:16:00;8933376.000000;41.269400;33.827384;2432;50.000000;42.187500;43.750000;3
2023.03.23 21:18:01;8155136.000000;78.652285;33.822146;2432;50.062500;42.125000;43.812500;3
2023.03.23 21:20:00;8790016.000000;48.103620;33.816805;2432;49.875000;42.062500;43.750000;3
2023.03.23 21:22:00;10678272.000000;49.498874;33.810847;2433;50.000000;42.062500;43.625000;3
2023.03.23 21:24:00;8933376.000000;44.014130;33.805506;2433;49.875000;42.000000;43.750000;3
2023.03.23 21:26:00;9052160.000000;51.084438;33.800165;2433;49.750000;42.000000;43.625000;3
2023.03.23 21:28:01;9822208.000000;51.266468;33.794927;2433;49.750000;41.937500;43.625000;3
2023.03.23 21:30:00;8663040.000000;56.688999;33.789586;2434;49.750000;41.937500;43.562500;3
2023.03.23 21:32:00;10313728.000000;39.579537;33.783628;2434;49.687500;41.875000;43.500000;3
2023.03.23 21:34:01;8814592.000000;52.775950;33.778287;2434;49.750000;41.875000;43.562500;3
2023.03.23 21:36:00;7917568.000000;72.592971;33.772946;2434;49.750000;41.812500;43.437500;3
2023.03.23 21:38:00;8646656.000000;43.880893;33.767708;2434;49.625000;41.750000;43.375000;3
2023.03.23 21:40:01;9920512.000000;61.776311;33.762367;2435;49.687500;41.750000;43.375000;3
2023.03.23 21:42:00;9650176.000000;68.770456;33.756409;2435;49.562500;41.750000;43.375000;3
2023.03.23 21:44:00;8101888.000000;48.453538;33.751068;2435;49.562500;41.687500;43.312500;3
2023.03.23 21:46:00;8355840.000000;54.185888;33.745727;2435;49.437500;41.687500;43.312500;3
2023.03.23 21:48:00;9277440.000000;49.522030;33.740489;2435;49.687500;41.687500;43.312500;3
2023.03.23 21:50:00;8871936.000000;44.841983;33.735148;2435;49.437500;41.687500;43.250000;3
2023.03.23 21:52:01;9785344.000000;55.868612;33.729190;2436;49.625000;41.687500;43.312500;3
2023.03.23 21:54:00;8642560.000000;50.210333;33.723849;2436;49.562500;41.687500;43.375000;3
2023.03.23 21:56:00;8802304.000000;36.514125;33.718508;2436;49.500000;41.687500;43.250000;3
2023.03.23 21:58:00;8491008.000000;42.351025;33.713270;2436;49.500000;41.687500;43.250000;3
2023.03.23 22:00:01;8863744.000000;63.302941;33.707929;2437;49.625000;41.687500;43.250000;3
2023.03.23 22:02:00;9658368.000000;48.270031;33.701971;2437;49.375000;41.687500;43.312500;3
2023.03.23 22:04:00;8126464.000000;49.997907;33.696630;2437;49.562500;41.687500;43.312500;3
2023.03.23 22:06:00;8499200.000000;44.967866;33.691289;2437;49.437500;41.687500;43.312500;3
2023.03.23 22:08:00;8220672.000000;46.136213;33.686051;2437;49.625000;41.625000;43.312500;3
2023.03.23 22:10:00;9760768.000000;46.023198;33.680710;2437;49.437500;41.687500;43.312500;3
2023.03.23 22:12:00;10801152.000000;48.133492;33.674752;2438;49.500000;41.687500;43.312500;3
2023.03.23 22:14:00;8888320.000000;47.404302;33.669411;2438;49.562500;41.687500;43.312500;3
2023.03.23 22:16:00;8339456.000000;50.764264;33.664070;2438;49.687500;41.687500;43.375000;3
2023.03.23 22:18:01;8904704.000000;50.737356;33.658832;2438;49.687500;41.687500;43.375000;3
2023.03.23 22:20:01;8134656.000000;47.657945;33.653491;2439;49.625000;41.687500;43.375000;3
2023.03.23 22:22:01;9785344.000000;69.525102;33.647533;2439;49.625000;41.750000;43.437500;3
2023.03.23 22:24:00;7983104.000000;44.588566;33.642192;2439;49.562500;41.750000;43.375000;3
2023.03.23 22:26:00;9531392.000000;49.684213;33.636851;2439;49.562500;41.750000;43.375000;3
2023.03.23 22:28:01;8261632.000000;54.692816;33.631613;2439;49.687500;41.750000;43.312500;3
2023.03.23 22:30:01;8482816.000000;56.655931;33.626272;2440;49.812500;41.812500;43.500000;3
2023.03.23 22:32:00;10158080.000000;53.095373;33.620314;2440;49.687500;41.812500;43.437500;3
2023.03.23 22:34:00;8720384.000000;43.590285;33.614973;2440;49.562500;41.812500;43.562500;3
2023.03.23 22:36:00;8388608.000000;54.828698;33.609632;2440;49.625000;41.750000;43.437500;3
2023.03.23 22:38:00;8904704.000000;31.262828;33.604394;2440;49.437500;41.750000;43.375000;3
2023.03.23 22:40:01;8134656.000000;45.413821;33.599053;2441;49.687500;41.750000;43.375000;3
2023.03.23 22:42:01;10133504.000000;52.751621;33.593095;2441;49.750000;41.812500;43.437500;3
2023.03.23 22:44:00;8642560.000000;47.990239;33.587754;2441;49.750000;41.750000;43.437500;3
2023.03.23 22:46:00;8015872.000000;46.525459;33.582413;2441;49.562500;41.750000;43.312500;3
2023.03.23 22:48:01;8650752.000000;49.254612;33.577175;2441;49.687500;41.750000;43.500000;3
2023.03.23 22:50:01;7983104.000000;45.048280;33.571834;2442;49.625000;41.750000;43.375000;3
2023.03.23 22:52:01;10514432.000000;69.046485;33.565876;2442;49.625000;41.750000;43.375000;3
2023.03.23 22:54:00;8855552.000000;51.068579;33.560535;2442;49.750000;41.750000;43.375000;3
2023.03.23 22:56:00;8261632.000000;73.382331;33.555194;2442;49.625000;41.750000;43.312500;3
2023.03.23 22:58:00;8777728.000000;49.241989;33.549956;2442;49.562500;41.750000;43.250000;3
2023.03.23 23:00:01;8056832.000000;66.544900;33.544615;2443;49.687500;41.687500;43.312500;3
2023.03.23 23:02:01;10928128.000000;56.501151;33.538657;2443;49.562500;41.687500;43.375000;3
2023.03.23 23:04:01;9531392.000000;57.331296;33.533316;2443;49.687500;41.687500;43.312500;3
2023.03.23 23:06:01;9854976.000000;70.146460;33.527975;2443;49.562500;41.687500;43.312500;3
2023.03.23 23:08:01;8323072.000000;59.749256;33.522737;2443;49.625000;41.687500;43.250000;3
2023.03.23 23:10:00;8982528.000000;49.155132;33.517396;2444;49.625000;41.687500;43.312500;3
2023.03.23 23:12:01;9736192.000000;50.190104;33.511438;2444;49.562500;41.687500;43.375000;3
2023.03.23 23:14:01;8253440.000000;55.000577;33.506097;2444;49.562500;41.687500;43.375000;3
2023.03.23 23:16:00;8458240.000000;77.653324;33.500756;2444;49.562500;41.687500;43.312500;3
2023.03.23 23:18:00;8896512.000000;55.977859;33.495518;2444;49.437500;41.625000;43.437500;3
2023.03.23 23:20:00;8769536.000000;57.145768;33.490177;2444;49.375000;41.625000;43.250000;3
2023.03.23 23:22:01;10006528.000000;48.430789;33.484219;2445;49.500000;41.625000;43.187500;3
2023.03.23 23:24:01;8388608.000000;64.526837;33.478878;2445;49.500000;41.562500;43.187500;3
2023.03.23 23:26:00;8769536.000000;48.639696;33.473537;2445;49.437500;41.562500;43.187500;3
2023.03.23 23:28:01;8982528.000000;47.758137;33.468299;2445;49.437500;41.500000;43.125000;3
2023.03.23 23:30:00;8888320.000000;61.467404;33.462957;2446;49.312500;41.500000;43.187500;3
2023.03.23 23:32:00;9363456.000000;43.182228;33.457000;2446;49.437500;41.500000;43.062500;3
2023.03.23 23:34:00;7983104.000000;57.017019;33.451659;2446;49.187500;41.437500;43.062500;3
2023.03.23 23:36:00;8380416.000000;47.105870;33.446318;2446;49.187500;41.375000;43.062500;3
2023.03.23 23:38:00;8728576.000000;54.918639;33.441080;2446;49.125000;41.375000;43.000000;3
2023.03.23 23:40:00;8777728.000000;49.753368;33.435738;2446;49.125000;41.312500;43.000000;3
2023.03.23 23:42:00;11640832.000000;53.005054;33.429678;2447;49.000000;41.312500;43.000000;3
2023.03.23 23:44:00;9887744.000000;42.951403;33.424337;2447;49.125000;41.250000;42.812500;3
2023.03.23 23:46:00;8101888.000000;46.748295;33.418996;2447;49.062500;41.250000;42.812500;3
2023.03.23 23:48:01;8609792.000000;70.926683;33.413758;2447;49.000000;41.187500;42.875000;3
2023.03.23 23:50:00;8237056.000000;48.494245;33.408417;2448;49.000000;41.187500;42.875000;3
2023.03.23 23:52:01;9904128.000000;51.593479;33.402459;2448;49.125000;41.125000;42.687500;3
2023.03.23 23:54:01;8339456.000000;62.450716;33.397118;2448;49.000000;41.125000;42.750000;3
2023.03.23 23:56:01;8736768.000000;54.408695;33.391777;2448;48.937500;41.062500;42.750000;3
2023.03.23 23:58:00;9482240.000000;60.854763;33.386539;2448;48.812500;41.000000;42.687500;3
